C51 COMPILER V9.52.0.0   INTERRUPT                                                         04/21/2020 22:49:39 PAGE 1   


C51 COMPILER V9.52.0.0, COMPILATION OF MODULE INTERRUPT
OBJECT MODULE PLACED IN c:\Users\Harry\Desktop\mouse\code\out\interrupt.o
COMPILER INVOKED BY: C:\Program Files\Keil\C51\BIN\C51.exe C:\USERS\HARRY\DESKTOP\MOUSE\CODE\SRC\INTERRUPT.C PRINT(c:\Us
                    -ers\Harry\Desktop\mouse\code\out\interrupt.lst) OMF2 TABS(2) OPTIMIZE(9,SIZE) SMALL ROM(SMALL) INCDIR(c:\Users\Harry\Des
                    -ktop\mouse\code\dependence;c:\Users\Harry\Desktop\mouse\code\src;c:\Users\Harry\Desktop\mouse\code\dependence\build-in\t
                    -oolchain) DEFINE(__UVISION_VERSION) OBJECT(c:\Users\Harry\Desktop\mouse\code\out\interrupt.o)

line level    source

   1          #include "REG52.H"
   2          void init_ex0()
   3          {
   4   1          IT0 = 1;    // 下降沿触发
   5   1          PX0 = 1;    // 高优先级
   6   1          EX0 = 1;    // 单个中断允许
   7   1          EA = 1;     // 总中断运行
   8   1      }
   9          
  10          void init_ex1()
  11          {
  12   1          IT1 = 1;
  13   1          PX1 = 0;
  14   1          EX1 = 1;
  15   1          EA = 1;
  16   1      }
  17          
  18          void init_TIM_0(void)
  19          {
  20   1          // 初始化 TMOD 寄存器
  21   1          // 50ms 中断一次
  22   1          TMOD = TMOD | 0x01;
  23   1          TH0 = (65536 - 50000) / 256;
  24   1          TL0 = (65536 - 50000) % 256;
  25   1          ET0 = 1;
  26   1          EA = 1;
  27   1          TR0 = 1;
  28   1      }


MODULE INFORMATION:   STATIC OVERLAYABLE
   CODE SIZE        =     34    ----
   CONSTANT SIZE    =   ----    ----
   XDATA SIZE       =   ----    ----
   PDATA SIZE       =   ----    ----
   DATA SIZE        =   ----    ----
   IDATA SIZE       =   ----    ----
   BIT SIZE         =   ----    ----
   EDATA SIZE       =   ----    ----
   HDATA SIZE       =   ----    ----
   XDATA CONST SIZE =   ----    ----
   FAR CONST SIZE   =   ----    ----
END OF MODULE INFORMATION.


C51 COMPILATION COMPLETE.  0 WARNING(S),  0 ERROR(S)
