[2020-04-21 16:42:11]	Link failed !
   在 ARM_Builder_V6.Program.Main(String[] args)

[2020-04-21 16:47:30]	Compilation failed at : "c:\Users\Harry\Desktop\mouse\code\src\main.c"
   在 ARM_Builder_V6.Program.Main(String[] args)

[2020-04-21 16:53:13]	Compilation failed at : "c:\Users\Harry\Desktop\mouse\code\src\main.c"
   在 ARM_Builder_V6.Program.Main(String[] args)

[2020-04-21 16:53:21]	Compilation failed at : "c:\Users\Harry\Desktop\mouse\code\src\main.c"
   在 ARM_Builder_V6.Program.Main(String[] args)

[2020-04-21 16:53:35]	Compilation failed at : "c:\Users\Harry\Desktop\mouse\code\src\main.c"
   在 ARM_Builder_V6.Program.Main(String[] args)

[2020-04-21 16:56:35]	Compilation failed at : "c:\Users\Harry\Desktop\mouse\code\src\LCD.c"
   在 ARM_Builder_V6.Program.Main(String[] args)

[2020-04-21 17:21:49]	Compilation failed at : "c:\Users\Harry\Desktop\mouse\code\src\LCD.c"
   在 ARM_Builder_V6.Program.Main(String[] args)

[2020-04-21 17:22:28]	Compilation failed at : "c:\Users\Harry\Desktop\mouse\code\src\main.c"
   在 ARM_Builder_V6.Program.Main(String[] args)

[2020-04-21 17:22:46]	Compilation failed at : "c:\Users\Harry\Desktop\mouse\code\src\main.c"
   在 ARM_Builder_V6.Program.Main(String[] args)

[2020-04-21 18:45:58]	Link failed !
   在 ARM_Builder_V6.Program.Main(String[] args)

[2020-04-21 18:46:43]	Compilation failed at : "c:\Users\Harry\Desktop\mouse\code\src\main.c"
   在 ARM_Builder_V6.Program.Main(String[] args)

[2020-04-21 18:59:07]	Compilation failed at : "c:\Users\Harry\Desktop\mouse\code\src\interrupt.c"
   在 ARM_Builder_V6.Program.Main(String[] args)

[2020-04-21 19:01:46]	Link failed !
   在 ARM_Builder_V6.Program.Main(String[] args)

[2020-04-21 19:34:18]	Compilation failed at : "c:\Users\Harry\Desktop\mouse\code\src\main.c"
   在 ARM_Builder_V6.Program.Main(String[] args)

[2020-04-21 19:38:15]	Compilation failed at : "c:\Users\Harry\Desktop\mouse\code\src\main.c"
   在 ARM_Builder_V6.Program.Main(String[] args)

[2020-04-21 19:38:57]	Compilation failed at : "c:\Users\Harry\Desktop\mouse\code\src\main.c"
   在 ARM_Builder_V6.Program.Main(String[] args)

[2020-04-21 19:39:53]	Compilation failed at : "c:\Users\Harry\Desktop\mouse\code\src\main.c"
   在 ARM_Builder_V6.Program.Main(String[] args)

[2020-04-21 19:41:46]	Compilation failed at : "c:\Users\Harry\Desktop\mouse\code\src\main.c"
   在 ARM_Builder_V6.Program.Main(String[] args)

[2020-04-21 19:42:16]	Compilation failed at : "c:\Users\Harry\Desktop\mouse\code\src\main.c"
   在 ARM_Builder_V6.Program.Main(String[] args)

[2020-04-21 19:43:01]	Link failed !
   在 ARM_Builder_V6.Program.Main(String[] args)

[2020-04-21 19:54:30]	Link failed !
   在 ARM_Builder_V6.Program.Main(String[] args)

[2020-04-21 19:55:52]	Link failed !
   在 ARM_Builder_V6.Program.Main(String[] args)

[2020-04-21 22:25:28]	Compilation failed at : "c:\Users\Harry\Desktop\mouse\code\src\main.c"
   在 ARM_Builder_V6.Program.Main(String[] args)

[2020-04-21 22:28:15]	Compilation failed at : "c:\Users\Harry\Desktop\mouse\code\src\main.c"
   在 ARM_Builder_V6.Program.Main(String[] args)

[2020-04-21 22:29:14]	Compilation failed at : "c:\Users\Harry\Desktop\mouse\code\src\keyboard.c"
   在 ARM_Builder_V6.Program.Main(String[] args)

[2020-04-21 22:29:51]	Compilation failed at : "c:\Users\Harry\Desktop\mouse\code\src\main.c"
   在 ARM_Builder_V6.Program.Main(String[] args)

[2020-04-21 22:36:29]	Compilation failed at : "c:\Users\Harry\Desktop\mouse\code\src\main.c"
   在 ARM_Builder_V6.Program.Main(String[] args)

[2020-04-21 22:37:09]	Compilation failed at : "c:\Users\Harry\Desktop\mouse\code\src\main.c"
   在 ARM_Builder_V6.Program.Main(String[] args)

[2020-04-21 22:42:12]	Compilation failed at : "c:\Users\Harry\Desktop\mouse\code\src\main.c"
   在 ARM_Builder_V6.Program.Main(String[] args)

[2020-04-21 22:42:38]	Compilation failed at : "c:\Users\Harry\Desktop\mouse\code\src\main.c"
   在 ARM_Builder_V6.Program.Main(String[] args)

[2020-04-21 22:43:39]	Compilation failed at : "c:\Users\Harry\Desktop\mouse\code\src\main.c"
   在 ARM_Builder_V6.Program.Main(String[] args)

[2020-04-21 22:43:49]	Compilation failed at : "c:\Users\Harry\Desktop\mouse\code\src\main.c"
   在 ARM_Builder_V6.Program.Main(String[] args)

[2020-04-21 22:44:35]	Compilation failed at : "c:\Users\Harry\Desktop\mouse\code\src\main.c"
   在 ARM_Builder_V6.Program.Main(String[] args)

[2020-04-21 22:45:20]	Link failed !
   在 ARM_Builder_V6.Program.Main(String[] args)

[2020-04-21 22:49:40]	Link failed !
   在 ARM_Builder_V6.Program.Main(String[] args)

