
[12345678-1234-5678-90AB-CDDEEFAABBCC] : log at : 2020/4/20|09:22:14|GMT+0800



[12345678-1234-5678-90AB-CDDEEFAABBCC] : log at : 2020/4/20|09:46:34|GMT+0800
[Warning] : Error: parse workspace configuration error !
	at t.WorkspaceConfiguration.Parse (c:\Users\Harry\.vscode\extensions\cl.eide-1.10.1\dist\extension.js:1:83348)
	at t.WorkspaceConfiguration.Update (c:\Users\Harry\.vscode\extensions\cl.eide-1.10.1\dist\extension.js:1:60443)
	at t.WorkspaceConfiguration.Init (c:\Users\Harry\.vscode\extensions\cl.eide-1.10.1\dist\extension.js:1:59807)
	at new v (c:\Users\Harry\.vscode\extensions\cl.eide-1.10.1\dist\extension.js:1:59775)
	at new t.WorkspaceConfiguration (c:\Users\Harry\.vscode\extensions\cl.eide-1.10.1\dist\extension.js:1:83224)
	at E.LoadConfigurations (c:\Users\Harry\.vscode\extensions\cl.eide-1.10.1\dist\extension.js:1:169255)
	at E.Load (c:\Users\Harry\.vscode\extensions\cl.eide-1.10.1\dist\extension.js:1:166323)
	at D._OpenProject (c:\Users\Harry\.vscode\extensions\cl.eide-1.10.1\dist\extension.js:1:142514)
	at EventEmitter.<anonymous> (c:\Users\Harry\.vscode\extensions\cl.eide-1.10.1\dist\extension.js:1:135667)
	at EventEmitter.emit (events.js:203:13)
	at Function.emit (c:\Users\Harry\.vscode\extensions\cl.eide-1.10.1\dist\extension.js:1:4522)
	at EventEmitter.<anonymous> (c:\Users\Harry\.vscode\extensions\cl.eide-1.10.1\dist\extension.js:1:107096)
	at EventEmitter.emit (events.js:203:13)
	at Function.emit (c:\Users\Harry\.vscode\extensions\cl.eide-1.10.1\dist\extension.js:1:4522)
	at D.LoadWorkspaceProject (c:\Users\Harry\.vscode\extensions\cl.eide-1.10.1\dist\extension.js:1:135707)
	at new D (c:\Users\Harry\.vscode\extensions\cl.eide-1.10.1\dist\extension.js:1:135314)
	at new t.ProjectExplorer (c:\Users\Harry\.vscode\extensions\cl.eide-1.10.1\dist\extension.js:1:146797)
	at t.activate (c:\Users\Harry\.vscode\extensions\cl.eide-1.10.1\dist\extension.js:1:111349)
	at Function._callActivateOptional (c:\Program Files\Microsoft VS Code\resources\app\out\vs\workbench\services\extensions\node\extensionHostProcess.js:788:244)
	at Function._callActivate (c:\Program Files\Microsoft VS Code\resources\app\out\vs\workbench\services\extensions\node\extensionHostProcess.js:787:909)
	at c:\Program Files\Microsoft VS Code\resources\app\out\vs\workbench\services\extensions\node\extensionHostProcess.js:786:960
	at async Promise.all (index 8)



[12345678-1234-5678-90AB-CDDEEFAABBCC] : log at : 2020/4/20|14:19:13|GMT+0800



[12345678-1234-5678-90AB-CDDEEFAABBCC] : log at : 2020/4/20|14:20:24|GMT+0800



[12345678-1234-5678-90AB-CDDEEFAABBCC] : log at : 2020/4/21|09:29:32|GMT+0800



[12345678-1234-5678-90AB-CDDEEFAABBCC] : log at : 2020/4/23|20:16:28|GMT+0800
[Error] : Error: Language client is not ready yet
	at LanguageClient.sendNotification (c:\Users\Harry\.vscode\extensions\ms-vscode.cpptools-0.27.0\dist\main.js:7051:19)
	at DefaultClient.onInterval (c:\Users\Harry\.vscode\extensions\ms-vscode.cpptools-0.27.0\dist\main.js:36602:33)
	at Timeout.onInterval [as _onTimeout] (c:\Users\Harry\.vscode\extensions\ms-vscode.cpptools-0.27.0\dist\main.js:4624:26)
	at listOnTimeout (internal/timers.js:531:17)
	at processTimers (internal/timers.js:475:7)
[Error] : Error: Language client is not ready yet
	at LanguageClient.sendNotification (c:\Users\Harry\.vscode\extensions\ms-vscode.cpptools-0.27.0\dist\main.js:7051:19)
	at DefaultClient.onInterval (c:\Users\Harry\.vscode\extensions\ms-vscode.cpptools-0.27.0\dist\main.js:36602:33)
	at Timeout.onInterval [as _onTimeout] (c:\Users\Harry\.vscode\extensions\ms-vscode.cpptools-0.27.0\dist\main.js:4624:26)
	at listOnTimeout (internal/timers.js:531:17)
	at processTimers (internal/timers.js:475:7)
[Error] : Error: Language client is not ready yet
	at LanguageClient.sendNotification (c:\Users\Harry\.vscode\extensions\ms-vscode.cpptools-0.27.0\dist\main.js:7051:19)
	at DefaultClient.onInterval (c:\Users\Harry\.vscode\extensions\ms-vscode.cpptools-0.27.0\dist\main.js:36602:33)
	at Timeout.onInterval [as _onTimeout] (c:\Users\Harry\.vscode\extensions\ms-vscode.cpptools-0.27.0\dist\main.js:4624:26)
	at listOnTimeout (internal/timers.js:531:17)
	at processTimers (internal/timers.js:475:7)
[Error] : Error: Language client is not ready yet
	at LanguageClient.sendNotification (c:\Users\Harry\.vscode\extensions\ms-vscode.cpptools-0.27.0\dist\main.js:7051:19)
	at DefaultClient.onInterval (c:\Users\Harry\.vscode\extensions\ms-vscode.cpptools-0.27.0\dist\main.js:36602:33)
	at Timeout.onInterval [as _onTimeout] (c:\Users\Harry\.vscode\extensions\ms-vscode.cpptools-0.27.0\dist\main.js:4624:26)
	at listOnTimeout (internal/timers.js:531:17)
	at processTimers (internal/timers.js:475:7)
[Error] : Error: Language client is not ready yet
	at LanguageClient.sendNotification (c:\Users\Harry\.vscode\extensions\ms-vscode.cpptools-0.27.0\dist\main.js:7051:19)
	at DefaultClient.onInterval (c:\Users\Harry\.vscode\extensions\ms-vscode.cpptools-0.27.0\dist\main.js:36602:33)
	at Timeout.onInterval [as _onTimeout] (c:\Users\Harry\.vscode\extensions\ms-vscode.cpptools-0.27.0\dist\main.js:4624:26)
	at listOnTimeout (internal/timers.js:531:17)
	at processTimers (internal/timers.js:475:7)
[Error] : Error: Language client is not ready yet
	at LanguageClient.sendNotification (c:\Users\Harry\.vscode\extensions\ms-vscode.cpptools-0.27.0\dist\main.js:7051:19)
	at DefaultClient.onInterval (c:\Users\Harry\.vscode\extensions\ms-vscode.cpptools-0.27.0\dist\main.js:36602:33)
	at Timeout.onInterval [as _onTimeout] (c:\Users\Harry\.vscode\extensions\ms-vscode.cpptools-0.27.0\dist\main.js:4624:26)
	at listOnTimeout (internal/timers.js:531:17)
	at processTimers (internal/timers.js:475:7)
[Error] : Error: Language client is not ready yet
	at LanguageClient.sendNotification (c:\Users\Harry\.vscode\extensions\ms-vscode.cpptools-0.27.0\dist\main.js:7051:19)
	at DefaultClient.onInterval (c:\Users\Harry\.vscode\extensions\ms-vscode.cpptools-0.27.0\dist\main.js:36602:33)
	at Timeout.onInterval [as _onTimeout] (c:\Users\Harry\.vscode\extensions\ms-vscode.cpptools-0.27.0\dist\main.js:4624:26)
	at listOnTimeout (internal/timers.js:531:17)
	at processTimers (internal/timers.js:475:7)
[Error] : Error: Language client is not ready yet
	at LanguageClient.sendNotification (c:\Users\Harry\.vscode\extensions\ms-vscode.cpptools-0.27.0\dist\main.js:7051:19)
	at DefaultClient.onInterval (c:\Users\Harry\.vscode\extensions\ms-vscode.cpptools-0.27.0\dist\main.js:36602:33)
	at Timeout.onInterval [as _onTimeout] (c:\Users\Harry\.vscode\extensions\ms-vscode.cpptools-0.27.0\dist\main.js:4624:26)
	at listOnTimeout (internal/timers.js:531:17)
	at processTimers (internal/timers.js:475:7)
[Error] : Error: Language client is not ready yet
	at LanguageClient.sendNotification (c:\Users\Harry\.vscode\extensions\ms-vscode.cpptools-0.27.0\dist\main.js:7051:19)
	at DefaultClient.onInterval (c:\Users\Harry\.vscode\extensions\ms-vscode.cpptools-0.27.0\dist\main.js:36602:33)
	at Timeout.onInterval [as _onTimeout] (c:\Users\Harry\.vscode\extensions\ms-vscode.cpptools-0.27.0\dist\main.js:4624:26)
	at listOnTimeout (internal/timers.js:531:17)
	at processTimers (internal/timers.js:475:7)
[Error] : Error: Language client is not ready yet
	at LanguageClient.sendNotification (c:\Users\Harry\.vscode\extensions\ms-vscode.cpptools-0.27.0\dist\main.js:7051:19)
	at DefaultClient.onInterval (c:\Users\Harry\.vscode\extensions\ms-vscode.cpptools-0.27.0\dist\main.js:36602:33)
	at Timeout.onInterval [as _onTimeout] (c:\Users\Harry\.vscode\extensions\ms-vscode.cpptools-0.27.0\dist\main.js:4624:26)
	at listOnTimeout (internal/timers.js:531:17)
	at processTimers (internal/timers.js:475:7)
[Error] : Error: Language client is not ready yet
	at LanguageClient.sendNotification (c:\Users\Harry\.vscode\extensions\ms-vscode.cpptools-0.27.0\dist\main.js:7051:19)
	at DefaultClient.onInterval (c:\Users\Harry\.vscode\extensions\ms-vscode.cpptools-0.27.0\dist\main.js:36602:33)
	at Timeout.onInterval [as _onTimeout] (c:\Users\Harry\.vscode\extensions\ms-vscode.cpptools-0.27.0\dist\main.js:4624:26)
	at listOnTimeout (internal/timers.js:531:17)
	at processTimers (internal/timers.js:475:7)
[Error] : Error: Language client is not ready yet
	at LanguageClient.sendNotification (c:\Users\Harry\.vscode\extensions\ms-vscode.cpptools-0.27.0\dist\main.js:7051:19)
	at DefaultClient.onInterval (c:\Users\Harry\.vscode\extensions\ms-vscode.cpptools-0.27.0\dist\main.js:36602:33)
	at Timeout.onInterval [as _onTimeout] (c:\Users\Harry\.vscode\extensions\ms-vscode.cpptools-0.27.0\dist\main.js:4624:26)
	at listOnTimeout (internal/timers.js:531:17)
	at processTimers (internal/timers.js:475:7)
[Error] : Error: Language client is not ready yet
	at LanguageClient.sendNotification (c:\Users\Harry\.vscode\extensions\ms-vscode.cpptools-0.27.0\dist\main.js:7051:19)
	at DefaultClient.onInterval (c:\Users\Harry\.vscode\extensions\ms-vscode.cpptools-0.27.0\dist\main.js:36602:33)
	at Timeout.onInterval [as _onTimeout] (c:\Users\Harry\.vscode\extensions\ms-vscode.cpptools-0.27.0\dist\main.js:4624:26)
	at listOnTimeout (internal/timers.js:531:17)
	at processTimers (internal/timers.js:475:7)
[Error] : Error: Language client is not ready yet
	at LanguageClient.sendNotification (c:\Users\Harry\.vscode\extensions\ms-vscode.cpptools-0.27.0\dist\main.js:7051:19)
	at DefaultClient.onInterval (c:\Users\Harry\.vscode\extensions\ms-vscode.cpptools-0.27.0\dist\main.js:36602:33)
	at Timeout.onInterval [as _onTimeout] (c:\Users\Harry\.vscode\extensions\ms-vscode.cpptools-0.27.0\dist\main.js:4624:26)
	at listOnTimeout (internal/timers.js:531:17)
	at processTimers (internal/timers.js:475:7)
[Error] : Error: Language client is not ready yet
	at LanguageClient.sendNotification (c:\Users\Harry\.vscode\extensions\ms-vscode.cpptools-0.27.0\dist\main.js:7051:19)
	at DefaultClient.onInterval (c:\Users\Harry\.vscode\extensions\ms-vscode.cpptools-0.27.0\dist\main.js:36602:33)
	at Timeout.onInterval [as _onTimeout] (c:\Users\Harry\.vscode\extensions\ms-vscode.cpptools-0.27.0\dist\main.js:4624:26)
	at listOnTimeout (internal/timers.js:531:17)
	at processTimers (internal/timers.js:475:7)
[Error] : Error: Language client is not ready yet
	at LanguageClient.sendNotification (c:\Users\Harry\.vscode\extensions\ms-vscode.cpptools-0.27.0\dist\main.js:7051:19)
	at DefaultClient.onInterval (c:\Users\Harry\.vscode\extensions\ms-vscode.cpptools-0.27.0\dist\main.js:36602:33)
	at Timeout.onInterval [as _onTimeout] (c:\Users\Harry\.vscode\extensions\ms-vscode.cpptools-0.27.0\dist\main.js:4624:26)
	at listOnTimeout (internal/timers.js:531:17)
	at processTimers (internal/timers.js:475:7)
[Error] : Error: Language client is not ready yet
	at LanguageClient.sendNotification (c:\Users\Harry\.vscode\extensions\ms-vscode.cpptools-0.27.0\dist\main.js:7051:19)
	at DefaultClient.onInterval (c:\Users\Harry\.vscode\extensions\ms-vscode.cpptools-0.27.0\dist\main.js:36602:33)
	at Timeout.onInterval [as _onTimeout] (c:\Users\Harry\.vscode\extensions\ms-vscode.cpptools-0.27.0\dist\main.js:4624:26)
	at listOnTimeout (internal/timers.js:531:17)
	at processTimers (internal/timers.js:475:7)
[Error] : Error: Language client is not ready yet
	at LanguageClient.sendNotification (c:\Users\Harry\.vscode\extensions\ms-vscode.cpptools-0.27.0\dist\main.js:7051:19)
	at DefaultClient.onInterval (c:\Users\Harry\.vscode\extensions\ms-vscode.cpptools-0.27.0\dist\main.js:36602:33)
	at Timeout.onInterval [as _onTimeout] (c:\Users\Harry\.vscode\extensions\ms-vscode.cpptools-0.27.0\dist\main.js:4624:26)
	at listOnTimeout (internal/timers.js:531:17)
	at processTimers (internal/timers.js:475:7)



[12345678-1234-5678-90AB-CDDEEFAABBCC] : log at : 2020/4/23|20:22:35|GMT+0800


