C51 COMPILER V9.52.0.0   LCD                                                               04/20/2020 08:44:20 PAGE 1   


C51 COMPILER V9.52.0.0, COMPILATION OF MODULE LCD
OBJECT MODULE PLACED IN .\keilOut\LCD.obj
COMPILER INVOKED BY: C:\Program Files\Keil\C51\BIN\C51.EXE src\LCD.c OMF2 ROM(SMALL) OPTIMIZE(8,SPEED) BROWSE INCDIR(.\d
                    -ependence;.\src) DEBUG PRINT(.\Listings\LCD.lst) OBJECT(.\keilOut\LCD.obj)

line level    source

   1          #include "reg51.h"
   2          #include "LCD.h"
   3          
   4          
   5          void delay()
   6          {
   7   1          uchar j=0;
   8   1          for(j=0;j<255;j++);
   9   1      }
  10          
  11          void write_char(uchar dat)
  12          {
  13   1          // 根据时序图
  14   1          RS = 1;
  15   1          RW = 0;
  16   1          E  = 0;
  17   1          LCD_PORT = dat;
  18   1          delay();
  19   1          delay();
  20   1          E = 1;
  21   1          E = 0;
  22   1      }
  23          
  24          void write_cmd(uchar command)
  25          {
  26   1          RS = 0;
  27   1          RW = 0;
  28   1          E  = 0;
  29   1          LCD_PORT = command;
  30   1          delay();
  31   1          E = 1;
  32   1          E = 0;
  33   1      }
  34          
  35          void init_LCD()
  36          {
  37   1          write_cmd(0x38);    // 设置16×2显示，5×7点阵，8位数据接口
  38   1          write_cmd(0x0c);    // 设置开显示，不显示光标
  39   1          write_cmd(0x06);    // 写一个字符后地址指针加1
  40   1          write_cmd(0x01);    // 显示清0，数据指针清0
  41   1      }
  42          
  43          
  44          /**
  45           * @brief  在屏幕上显示字符串  
  46           * @param  line: 需要显示的行数
  47           * @param  *str: 字符串的首地址
  48           */
  49          void display_LCD(uchar line,char *str)
  50          {
  51   1          uchar i = 0;
  52   1          if (line == 1)
  53   1              write_cmd(0x80);         // LCD第一行的起始地址
  54   1          if (line == 2)
C51 COMPILER V9.52.0.0   LCD                                                               04/20/2020 08:44:20 PAGE 2   

  55   1              write_cmd(0x80+0x40);    // LCD第二行的起始地址
  56   1          while(str[i]!='\0')
  57   1          {
  58   2              write_char(str[i]);
  59   2              i++;
  60   2          }
  61   1      }
  62          
  63          void clear_LCD()
  64          {
  65   1          write_cmd(0x01);    // 显示清0，数据指针清0
  66   1      }
  67          


MODULE INFORMATION:   STATIC OVERLAYABLE
   CODE SIZE        =    105    ----
   CONSTANT SIZE    =   ----    ----
   XDATA SIZE       =   ----    ----
   PDATA SIZE       =   ----    ----
   DATA SIZE        =   ----       3
   IDATA SIZE       =   ----    ----
   BIT SIZE         =   ----    ----
   EDATA SIZE       =   ----    ----
   HDATA SIZE       =   ----    ----
   XDATA CONST SIZE =   ----    ----
   FAR CONST SIZE   =   ----    ----
END OF MODULE INFORMATION.


C51 COMPILATION COMPLETE.  0 WARNING(S),  0 ERROR(S)
