C51 COMPILER V9.52.0.0   MAIN                                                              04/20/2020 08:44:20 PAGE 1   


C51 COMPILER V9.52.0.0, COMPILATION OF MODULE MAIN
OBJECT MODULE PLACED IN .\keilOut\main.obj
COMPILER INVOKED BY: C:\Program Files\Keil\C51\BIN\C51.EXE src\main.c OMF2 ROM(SMALL) OPTIMIZE(8,SPEED) BROWSE INCDIR(.\
                    -dependence;.\src) DEBUG PRINT(.\Listings\main.lst) OBJECT(.\keilOut\main.obj)

line level    source

   1          #include "LCD_func.h"
   2          
   3          char str[] = {"Hello world!"};
   4          
   5          void main()
   6          {
   7   1          init_LCD();
   8   1          while (1)
   9   1          {
  10   2              display_LCD(1,&str);
  11   2              clear_LCD();
  12   2          }
  13   1          
  14   1      }


MODULE INFORMATION:   STATIC OVERLAYABLE
   CODE SIZE        =     16    ----
   CONSTANT SIZE    =   ----    ----
   XDATA SIZE       =   ----    ----
   PDATA SIZE       =   ----    ----
   DATA SIZE        =     13    ----
   IDATA SIZE       =   ----    ----
   BIT SIZE         =   ----    ----
   EDATA SIZE       =   ----    ----
   HDATA SIZE       =   ----    ----
   XDATA CONST SIZE =   ----    ----
   FAR CONST SIZE   =   ----    ----
END OF MODULE INFORMATION.


C51 COMPILATION COMPLETE.  0 WARNING(S),  0 ERROR(S)
