C51 COMPILER V9.52.0.0   8155                                                              04/24/2020 22:47:01 PAGE 1   


C51 COMPILER V9.52.0.0, COMPILATION OF MODULE 8155
OBJECT MODULE PLACED IN .\keilOut\8155.obj
COMPILER INVOKED BY: C:\Program Files\Keil\C51\BIN\C51.EXE src\8155.c OMF2 ROM(SMALL) OPTIMIZE(8,SPEED) BROWSE INCDIR(.\
                    -dependence;.\src) DEBUG PRINT(.\Listings\8155.lst) OBJECT(.\keilOut\8155.obj)

line level    source

   1          #include "8155.H"
   2          
   3          /**
   4           * @brief  设置8155的工作状态
   5           * @note   
   6           * @param  command_2_8155: 设置8155工作状态的参数
   7           * @retval None
   8           */
   9          void C8155_init(uchar command_2_8155)
  10          {
  11   1          C8155_CMD = command_2_8155;
  12   1      }
  13          
  14          
  15          


MODULE INFORMATION:   STATIC OVERLAYABLE
   CODE SIZE        =      6    ----
   CONSTANT SIZE    =   ----    ----
   XDATA SIZE       =   ----    ----
   PDATA SIZE       =   ----    ----
   DATA SIZE        =   ----    ----
   IDATA SIZE       =   ----    ----
   BIT SIZE         =   ----    ----
   EDATA SIZE       =   ----    ----
   HDATA SIZE       =   ----    ----
   XDATA CONST SIZE =   ----    ----
   FAR CONST SIZE   =   ----    ----
END OF MODULE INFORMATION.


C51 COMPILATION COMPLETE.  0 WARNING(S),  0 ERROR(S)
