C51 COMPILER V9.00   MAIN                                                                  04/11/2020 14:22:07 PAGE 1   


C51 COMPILER V9.00, COMPILATION OF MODULE MAIN
OBJECT MODULE PLACED IN main.obj
COMPILER INVOKED BY: C:\Program Files\Keil\C51\BIN\C51.EXE src\main.c LARGE OMF2 BROWSE INCDIR(.\dependence;.\src;.\depe
                    -ndence\build-in\STD) DEBUG PRINT(.\Listings\main.lst) OBJECT(main.obj)

line level    source

   1          #include "includes.h"
   2          
   3          void main()
   4          {
   5   1          Set8155(0x01);
   6   1          WritePA(0x02);
   7   1              while(1);
   8   1      }


MODULE INFORMATION:   STATIC OVERLAYABLE
   CODE SIZE        =     12    ----
   CONSTANT SIZE    =   ----    ----
   XDATA SIZE       =   ----    ----
   PDATA SIZE       =   ----    ----
   DATA SIZE        =   ----    ----
   IDATA SIZE       =   ----    ----
   BIT SIZE         =   ----    ----
   EDATA SIZE       =   ----    ----
   HDATA SIZE       =   ----    ----
   XDATA CONST SIZE =   ----    ----
   FAR CONST SIZE   =   ----    ----
END OF MODULE INFORMATION.


C51 COMPILATION COMPLETE.  0 WARNING(S),  0 ERROR(S)
