C51 COMPILER V9.52.0.0   KEYBOARD                                                          04/23/2020 16:26:46 PAGE 1   


C51 COMPILER V9.52.0.0, COMPILATION OF MODULE KEYBOARD
OBJECT MODULE PLACED IN .\keilOut\keyboard.obj
COMPILER INVOKED BY: C:\Program Files\Keil\C51\BIN\C51.EXE src\keyboard.c OMF2 ROM(SMALL) OPTIMIZE(8,SIZE) BROWSE INCDIR
                    -(.\dependence;.\src) DEBUG PRINT(.\Listings\keyboard.lst) OBJECT(.\keilOut\keyboard.obj)

line level    source

   1          #include "REG52.H"
   2          #include "keyboard.h"
   3          
   4          
   5          unsigned char key_scan()
   6          {
   7   1          unsigned char key_num = 0xff;
   8   1          unsigned char tmp_1 = 0, tmp_2 = 0, flag = 0;
   9   1          KEY_PORT = 0xf0;
  10   1          // 检测按键是否被按下
  11   1          if (KEY_PORT != 0xf0)
  12   1          {
  13   2              tmp_1 = KEY_PORT;
  14   2              flag = 1;
  15   2              KEY_PORT = 0x0f;
  16   2          }
  17   1          if ((KEY_PORT != 0x0f) && (flag == 1))
  18   1          {
  19   2              tmp_2 = KEY_PORT;
  20   2              tmp_2 = 0x0f ^ tmp_2;
  21   2              key_num = tmp_1 + tmp_2;
  22   2          }
  23   1          return key_num;
  24   1      }


MODULE INFORMATION:   STATIC OVERLAYABLE
   CODE SIZE        =     38    ----
   CONSTANT SIZE    =   ----    ----
   XDATA SIZE       =   ----    ----
   PDATA SIZE       =   ----    ----
   DATA SIZE        =   ----    ----
   IDATA SIZE       =   ----    ----
   BIT SIZE         =   ----    ----
   EDATA SIZE       =   ----    ----
   HDATA SIZE       =   ----    ----
   XDATA CONST SIZE =   ----    ----
   FAR CONST SIZE   =   ----    ----
END OF MODULE INFORMATION.


C51 COMPILATION COMPLETE.  0 WARNING(S),  0 ERROR(S)
