[2020-04-19 19:21:05]	Compilation failed at : "c:\Users\Harry\Desktop\大作业\code\src\LCD.c"
   在 ARM_Builder_V6.Program.Main(String[] args)

[2020-04-19 19:31:48]	Compilation failed at : "c:\Users\Harry\Desktop\大作业\code\src\lcd.c"
   在 ARM_Builder_V6.Program.Main(String[] args)

[2020-04-19 19:32:12]	Compilation failed at : "c:\Users\Harry\Desktop\大作业\code\src\lcd.c"
   在 ARM_Builder_V6.Program.Main(String[] args)

[2020-04-19 19:32:23]	Compilation failed at : "c:\Users\Harry\Desktop\大作业\code\src\lcd.c"
   在 ARM_Builder_V6.Program.Main(String[] args)

[2020-04-19 19:33:50]	Compilation failed at : "c:\Users\Harry\Desktop\大作业\code\src\lcd.c"
   在 ARM_Builder_V6.Program.Main(String[] args)

[2020-04-19 19:34:16]	Compilation failed at : "c:\Users\Harry\Desktop\大作业\code\src\lcd.c"
   在 ARM_Builder_V6.Program.Main(String[] args)

[2020-04-19 19:35:04]	Compilation failed at : "c:\Users\Harry\Desktop\大作业\code\src\lcd.c"
   在 ARM_Builder_V6.Program.Main(String[] args)

[2020-04-19 19:36:11]	Compilation failed at : "c:\Users\Harry\Desktop\大作业\code\src\LCD.c"
   在 ARM_Builder_V6.Program.Main(String[] args)

[2020-04-19 19:37:53]	Compilation failed at : "c:\Users\Harry\Desktop\大作业\code\src\LCD.c"
   在 ARM_Builder_V6.Program.Main(String[] args)

[2020-04-19 21:45:37]	Compilation failed at : "c:\Users\Harry\Desktop\大作业\code\src\LCD.c"
   在 ARM_Builder_V6.Program.Main(String[] args)

[2020-04-19 21:46:05]	Compilation failed at : "c:\Users\Harry\Desktop\大作业\code\src\main.c"
   在 ARM_Builder_V6.Program.Main(String[] args)

[2020-04-19 21:46:49]	Compilation failed at : "c:\Users\Harry\Desktop\大作业\code\src\main.c"
   在 ARM_Builder_V6.Program.Main(String[] args)

[2020-04-19 21:49:57]	Link failed !
   在 ARM_Builder_V6.Program.Main(String[] args)

[2020-04-19 21:50:05]	Compilation failed at : "c:\Users\Harry\Desktop\大作业\code\src\main.c"
   在 ARM_Builder_V6.Program.Main(String[] args)

[2020-04-19 21:51:12]	Compilation failed at : "c:\Users\Harry\Desktop\大作业\code\src\main.c"
   在 ARM_Builder_V6.Program.Main(String[] args)

[2020-04-19 21:51:37]	Compilation failed at : "c:\Users\Harry\Desktop\大作业\code\src\main.c"
   在 ARM_Builder_V6.Program.Main(String[] args)

