C51 COMPILER V9.52.0.0   INTERRUPT                                                         04/24/2020 17:09:57 PAGE 1   


C51 COMPILER V9.52.0.0, COMPILATION OF MODULE INTERRUPT
OBJECT MODULE PLACED IN .\keilOut\interrupt.obj
COMPILER INVOKED BY: C:\Program Files\Keil\C51\BIN\C51.EXE src\interrupt.c OMF2 ROM(SMALL) OPTIMIZE(8,SPEED) BROWSE INCD
                    -IR(.\dependence;.\src;.\dependence\build-in;.\dependence\build-in\toolchain) DEBUG PRINT(.\Listings\interrupt.lst) OBJEC
                    -T(.\keilOut\interrupt.obj)

line level    source

   1          #include "REG51.H"
   2          
   3          void EX0_init()
   4          {
   5   1          IT0 = 1;    // 下降沿触发
   6   1          PX0 = 1;    // 高优先级
   7   1          EX0 = 1;    // 单个中断允许
   8   1          EA = 1;     // 总中断运行
   9   1      }


MODULE INFORMATION:   STATIC OVERLAYABLE
   CODE SIZE        =      9    ----
   CONSTANT SIZE    =   ----    ----
   XDATA SIZE       =   ----    ----
   PDATA SIZE       =   ----    ----
   DATA SIZE        =   ----    ----
   IDATA SIZE       =   ----    ----
   BIT SIZE         =   ----    ----
   EDATA SIZE       =   ----    ----
   HDATA SIZE       =   ----    ----
   XDATA CONST SIZE =   ----    ----
   FAR CONST SIZE   =   ----    ----
END OF MODULE INFORMATION.


C51 COMPILATION COMPLETE.  0 WARNING(S),  0 ERROR(S)
