C51 COMPILER V9.52.0.0   TASKS                                                             04/24/2020 17:09:58 PAGE 1   


C51 COMPILER V9.52.0.0, COMPILATION OF MODULE TASKS
OBJECT MODULE PLACED IN .\keilOut\tasks.obj
COMPILER INVOKED BY: C:\Program Files\Keil\C51\BIN\C51.EXE src\tasks.c OMF2 ROM(SMALL) OPTIMIZE(8,SPEED) BROWSE INCDIR(.
                    -\dependence;.\src;.\dependence\build-in;.\dependence\build-in\toolchain) DEBUG PRINT(.\Listings\tasks.lst) OBJECT(.\keil
                    -Out\tasks.obj)

line level    source

   1          #include "REG51.H"
   2          #define uchar unsigned char
   3          
   4          uchar i = 0;
   5          sbit LED = P1^0;
   6          
   7          void continuee() interrupt 0
   8          {
   9   1          i++;
  10   1          if(i == 3)
  11   1          {
  12   2              i = 0;
  13   2              LED = ~LED;
  14   2          }
  15   1      }


MODULE INFORMATION:   STATIC OVERLAYABLE
   CODE SIZE        =     23    ----
   CONSTANT SIZE    =   ----    ----
   XDATA SIZE       =   ----    ----
   PDATA SIZE       =   ----    ----
   DATA SIZE        =      1    ----
   IDATA SIZE       =   ----    ----
   BIT SIZE         =   ----    ----
   EDATA SIZE       =   ----    ----
   HDATA SIZE       =   ----    ----
   XDATA CONST SIZE =   ----    ----
   FAR CONST SIZE   =   ----    ----
END OF MODULE INFORMATION.


C51 COMPILATION COMPLETE.  0 WARNING(S),  0 ERROR(S)
