[cl.eide] : [12345678-1234-5678-90AB-CDDEEFAABBCC] : log at : 2020/2/29|18:32:57|GMT+0800



[cl.eide] : [12345678-1234-5678-90AB-CDDEEFAABBCC] : log at : 2020/2/29|18:33:08|GMT+0800



[cl.eide] : [12345678-1234-5678-90AB-CDDEEFAABBCC] : log at : 2020/3/9|23:05:23|GMT+0800




[12345678-1234-5678-90AB-CDDEEFAABBCC] : log at : 2020/4/10|11:26:40|GMT+0800



[12345678-1234-5678-90AB-CDDEEFAABBCC] : log at : 2020/4/15|21:45:40|GMT+0800



[12345678-1234-5678-90AB-CDDEEFAABBCC] : log at : 2020/4/15|21:46:17|GMT+0800



[12345678-1234-5678-90AB-CDDEEFAABBCC] : log at : 2020/4/16|08:13:28|GMT+0800



[12345678-1234-5678-90AB-CDDEEFAABBCC] : log at : 2020/4/16|14:40:52|GMT+0800



[12345678-1234-5678-90AB-CDDEEFAABBCC] : log at : 2020/4/16|14:59:11|GMT+0800



[12345678-1234-5678-90AB-CDDEEFAABBCC] : log at : 2020/4/18|23:13:30|GMT+0800



[12345678-1234-5678-90AB-CDDEEFAABBCC] : log at : 2020/4/18|23:19:53|GMT+0800
[Warning] : Error: parse workspace configuration error !
	at t.WorkspaceConfiguration.Parse (c:\Users\Harry\.vscode\extensions\cl.eide-1.10.1\dist\extension.js:1:83348)
	at t.WorkspaceConfiguration.Update (c:\Users\Harry\.vscode\extensions\cl.eide-1.10.1\dist\extension.js:1:60443)
	at t.WorkspaceConfiguration.Init (c:\Users\Harry\.vscode\extensions\cl.eide-1.10.1\dist\extension.js:1:59807)
	at new v (c:\Users\Harry\.vscode\extensions\cl.eide-1.10.1\dist\extension.js:1:59775)
	at new t.WorkspaceConfiguration (c:\Users\Harry\.vscode\extensions\cl.eide-1.10.1\dist\extension.js:1:83224)
	at E.LoadConfigurations (c:\Users\Harry\.vscode\extensions\cl.eide-1.10.1\dist\extension.js:1:169255)
	at E.Load (c:\Users\Harry\.vscode\extensions\cl.eide-1.10.1\dist\extension.js:1:166323)
	at D._OpenProject (c:\Users\Harry\.vscode\extensions\cl.eide-1.10.1\dist\extension.js:1:142514)
	at EventEmitter.<anonymous> (c:\Users\Harry\.vscode\extensions\cl.eide-1.10.1\dist\extension.js:1:135667)
	at EventEmitter.emit (events.js:203:13)
	at Function.emit (c:\Users\Harry\.vscode\extensions\cl.eide-1.10.1\dist\extension.js:1:4522)
	at EventEmitter.<anonymous> (c:\Users\Harry\.vscode\extensions\cl.eide-1.10.1\dist\extension.js:1:107096)
	at EventEmitter.emit (events.js:203:13)
	at Function.emit (c:\Users\Harry\.vscode\extensions\cl.eide-1.10.1\dist\extension.js:1:4522)
	at D.LoadWorkspaceProject (c:\Users\Harry\.vscode\extensions\cl.eide-1.10.1\dist\extension.js:1:135707)
	at new D (c:\Users\Harry\.vscode\extensions\cl.eide-1.10.1\dist\extension.js:1:135314)
	at new t.ProjectExplorer (c:\Users\Harry\.vscode\extensions\cl.eide-1.10.1\dist\extension.js:1:146797)
	at t.activate (c:\Users\Harry\.vscode\extensions\cl.eide-1.10.1\dist\extension.js:1:111349)
	at Function._callActivateOptional (c:\Program Files\Microsoft VS Code\resources\app\out\vs\workbench\services\extensions\node\extensionHostProcess.js:788:244)
	at Function._callActivate (c:\Program Files\Microsoft VS Code\resources\app\out\vs\workbench\services\extensions\node\extensionHostProcess.js:787:909)
	at c:\Program Files\Microsoft VS Code\resources\app\out\vs\workbench\services\extensions\node\extensionHostProcess.js:786:960
	at async Promise.all (index 8)



[12345678-1234-5678-90AB-CDDEEFAABBCC] : log at : 2020/4/20|16:48:55|GMT+0800



[12345678-1234-5678-90AB-CDDEEFAABBCC] : log at : 2020/4/20|16:54:43|GMT+0800



[12345678-1234-5678-90AB-CDDEEFAABBCC] : log at : 2020/4/20|16:57:40|GMT+0800



[12345678-1234-5678-90AB-CDDEEFAABBCC] : log at : 2020/4/21|22:38:00|GMT+0800



[12345678-1234-5678-90AB-CDDEEFAABBCC] : log at : 2020/4/22|09:55:57|GMT+0800


