C51 COMPILER V9.52.0.0   MAIN                                                              04/25/2020 09:45:59 PAGE 1   


C51 COMPILER V9.52.0.0, COMPILATION OF MODULE MAIN
OBJECT MODULE PLACED IN .\keilOut\main.obj
COMPILER INVOKED BY: C:\Program Files\Keil\C51\BIN\C51.EXE src\main.c OMF2 ROM(SMALL) OPTIMIZE(8,SPEED) BROWSE INCDIR(.\
                    -dependence;.\src) DEBUG PRINT(.\Listings\main.lst) OBJECT(.\keilOut\main.obj)

line level    source

   1          #include "reg51.h"
   2          #include "8155_func.h"
   3          #define uchar unsigned char
   4          
   5          uchar num_encode[] = /* 共阴极数码管前有反相器，使用共阳极编码*/
   6              {0xc0,0xf9,0xa4,0xb0,0x99,0x92,0x82,0xf8,0x80,0x90,0x88,0x83,0xc6,0xa1,0x86,0x8e};
   7          
   8          uchar LED_num[] =   /* 选择哪个 LED 二极管亮，如果是 0 ，表示都熄灭*/
   9              {255,223,239,247,251,253,254};
  10          
  11          void delay1ms(void)   //误差 0us
  12          {
  13   1          unsigned char a,b,c;
  14   1          for(c=1;c>0;c--)
  15   1              for(b=142;b>0;b--)
  16   1                  for(a=2;a>0;a--);
  17   1      }
  18          
  19          void main()
  20          {
  21   1          uchar add_num_1 = 23;
  22   1          uchar add_num_2 = 46;
  23   1          uchar sum = add_num_1 + add_num_2;
  24   1          uchar tmp=0;
  25   1      
  26   1          C8155_init(0x0f);
  27   1      
  28   1          while(1)
  29   1          {
  30   2              tmp = add_num_1/10;
  31   2              C8155_PC = LED_num[1];
  32   2              C8155_PB = num_encode[tmp];
  33   2              delay1ms();
  34   2      
  35   2              tmp = add_num_1%10;
  36   2              C8155_PC = LED_num[2];
  37   2              C8155_PB = num_encode[tmp];
  38   2              delay1ms();
  39   2      
  40   2              tmp = add_num_2/10;
  41   2              C8155_PC = LED_num[3];
  42   2              C8155_PB = num_encode[tmp];
  43   2              delay1ms();
  44   2      
  45   2              tmp = add_num_2%10;
  46   2              C8155_PC = LED_num[4];
  47   2              C8155_PB = num_encode[tmp];
  48   2              delay1ms();
  49   2      
  50   2              tmp = sum/10;
  51   2              C8155_PC = LED_num[5];
  52   2              C8155_PB = num_encode[tmp];
  53   2              delay1ms();
  54   2      
C51 COMPILER V9.52.0.0   MAIN                                                              04/25/2020 09:45:59 PAGE 2   

  55   2              tmp = sum%10;
  56   2              C8155_PC = LED_num[6];
  57   2              C8155_PB = num_encode[tmp];
  58   2              delay1ms();
  59   2          }
  60   1          
  61   1      }


MODULE INFORMATION:   STATIC OVERLAYABLE
   CODE SIZE        =    129    ----
   CONSTANT SIZE    =   ----    ----
   XDATA SIZE       =   ----    ----
   PDATA SIZE       =   ----    ----
   DATA SIZE        =     23       4
   IDATA SIZE       =   ----    ----
   BIT SIZE         =   ----    ----
   EDATA SIZE       =   ----    ----
   HDATA SIZE       =   ----    ----
   XDATA CONST SIZE =   ----    ----
   FAR CONST SIZE   =   ----    ----
END OF MODULE INFORMATION.


C51 COMPILATION COMPLETE.  0 WARNING(S),  0 ERROR(S)
