C51 COMPILER V9.52.0.0   MAIN                                                              04/16/2020 19:32:08 PAGE 1   


C51 COMPILER V9.52.0.0, COMPILATION OF MODULE MAIN
OBJECT MODULE PLACED IN .\keilOut\main.obj
COMPILER INVOKED BY: C:\Program Files\Keil\C51\BIN\C51.EXE src\main.c OMF2 ROM(SMALL) OPTIMIZE(8,SPEED) BROWSE INCDIR(.\
                    -dependence;.\src) DEBUG PRINT(.\Listings\main.lst) TABS(2) OBJECT(.\keilOut\main.obj)

line level    source

   1          #include "REG51.H"
   2          
   3          unsigned char s[]={0x3f,0x06,0x5b,0x4f,0x66,0x6d,0x7d,0x07,0x7f,0x6f};
   4          unsigned char count;
   5          unsigned char num;
   6          
   7          void init_TIM_0(void)
   8          {
   9   1          // ³õÊ¼»¯ TMOD ¼Ä´æÆ÷
  10   1          TMOD = TMOD | 0x01;
  11   1          TH0 = (65536 - 50000) / 256;
  12   1          TL0 = (65536 - 50000) % 256;
  13   1          ET0 = 1;
  14   1          EA = 1;
  15   1          TR0 = 1;
  16   1      }
  17          
  18          void display()
  19          {
  20   1          unsigned char tmp;
  21   1          tmp = num % 10;
  22   1          P2 = s[tmp];
  23   1      }
  24          
  25          void main()
  26          {
  27   1          init_TIM_0();
  28   1          while (1)
  29   1          {
  30   2              display();
  31   2          }
  32   1          
  33   1      }
  34          
  35          void TIM_0_isr() interrupt 1
  36          {
  37   1          TH0 = (65536 - 50000) / 256;
  38   1          TL0 = (65536 - 50000) % 256;
  39   1          count++;
  40   1          if (count==20)
  41   1          {
  42   2              num++;
  43   2              count = 0;
  44   2          }
  45   1      }


MODULE INFORMATION:   STATIC OVERLAYABLE
   CODE SIZE        =     67    ----
   CONSTANT SIZE    =   ----    ----
   XDATA SIZE       =   ----    ----
   PDATA SIZE       =   ----    ----
   DATA SIZE        =     12    ----
   IDATA SIZE       =   ----    ----
C51 COMPILER V9.52.0.0   MAIN                                                              04/16/2020 19:32:08 PAGE 2   

   BIT SIZE         =   ----    ----
   EDATA SIZE       =   ----    ----
   HDATA SIZE       =   ----    ----
   XDATA CONST SIZE =   ----    ----
   FAR CONST SIZE   =   ----    ----
END OF MODULE INFORMATION.


C51 COMPILATION COMPLETE.  0 WARNING(S),  0 ERROR(S)
