
[12345678-1234-5678-90AB-CDDEEFAABBCC] : log at : 2020/4/24|10:10:30|GMT+0800



[12345678-1234-5678-90AB-CDDEEFAABBCC] : log at : 2020/4/24|10:23:30|GMT+0800



[12345678-1234-5678-90AB-CDDEEFAABBCC] : log at : 2020/4/24|12:20:43|GMT+0800



[12345678-1234-5678-90AB-CDDEEFAABBCC] : log at : 2020/4/24|15:06:22|GMT+0800



[12345678-1234-5678-90AB-CDDEEFAABBCC] : log at : 2020/4/24|15:07:11|GMT+0800
[Error] : Error: EEXIST: file already exists, mkdir 'c:\Users\Harry\Desktop\E1'
	at mkdirSync (fs.js:764:3)
	at fs.mkdirSync (electron/js2c/asar.js:687:16)
	at Object.fs.mkdirSync (electron/js2c/asar.js:687:16)
	at s.CreateDir (c:\Users\Harry\.vscode\extensions\cl.eide-1.11.0\dist\extension.js:1:2659)
	at m.build (c:\Users\Harry\.vscode\extensions\cl.eide-1.11.0\dist\extension.js:1:211929)
	at t.ProjectExplorer.BuildSolution (c:\Users\Harry\.vscode\extensions\cl.eide-1.11.0\dist\extension.js:1:173892)
	at c:\Users\Harry\.vscode\extensions\cl.eide-1.11.0\dist\extension.js:1:136548
	at e._executeContributedCommand (c:\Program Files\Microsoft VS Code\resources\app\out\vs\workbench\services\extensions\node\extensionHostProcess.js:592:220)
	at e.$executeContributedCommand (c:\Program Files\Microsoft VS Code\resources\app\out\vs\workbench\services\extensions\node\extensionHostProcess.js:592:595)
	at e._doInvokeHandler (c:\Program Files\Microsoft VS Code\resources\app\out\vs\workbench\services\extensions\node\extensionHostProcess.js:752:683)
	at e._invokeHandler (c:\Program Files\Microsoft VS Code\resources\app\out\vs\workbench\services\extensions\node\extensionHostProcess.js:752:375)
	at e._receiveRequest (c:\Program Files\Microsoft VS Code\resources\app\out\vs\workbench\services\extensions\node\extensionHostProcess.js:751:14)
	at e._receiveOneMessage (c:\Program Files\Microsoft VS Code\resources\app\out\vs\workbench\services\extensions\node\extensionHostProcess.js:750:6)
	at c:\Program Files\Microsoft VS Code\resources\app\out\vs\workbench\services\extensions\node\extensionHostProcess.js:748:34
	at e.fire (c:\Program Files\Microsoft VS Code\resources\app\out\vs\workbench\services\extensions\node\extensionHostProcess.js:48:497)
	at v.fire (c:\Program Files\Microsoft VS Code\resources\app\out\vs\workbench\services\extensions\node\extensionHostProcess.js:206:615)
	at c:\Program Files\Microsoft VS Code\resources\app\out\vs\workbench\services\extensions\node\extensionHostProcess.js:919:744
	at e.fire (c:\Program Files\Microsoft VS Code\resources\app\out\vs\workbench\services\extensions\node\extensionHostProcess.js:48:497)
	at v.fire (c:\Program Files\Microsoft VS Code\resources\app\out\vs\workbench\services\extensions\node\extensionHostProcess.js:206:615)
	at t.PersistentProtocol._receiveMessage (c:\Program Files\Microsoft VS Code\resources\app\out\vs\workbench\services\extensions\node\extensionHostProcess.js:211:17)
	at c:\Program Files\Microsoft VS Code\resources\app\out\vs\workbench\services\extensions\node\extensionHostProcess.js:208:155
	at e.fire (c:\Program Files\Microsoft VS Code\resources\app\out\vs\workbench\services\extensions\node\extensionHostProcess.js:48:497)
	at p.acceptChunk (c:\Program Files\Microsoft VS Code\resources\app\out\vs\workbench\services\extensions\node\extensionHostProcess.js:204:129)
	at c:\Program Files\Microsoft VS Code\resources\app\out\vs\workbench\services\extensions\node\extensionHostProcess.js:203:483
	at Socket.t (c:\Program Files\Microsoft VS Code\resources\app\out\vs\workbench\services\extensions\node\extensionHostProcess.js:212:565)
	at Socket.emit (events.js:203:13)
	at addChunk (_stream_readable.js:295:12)
	at readableAddChunk (_stream_readable.js:276:11)
	at Socket.Readable.push (_stream_readable.js:210:10)
	at Pipe.onStreamRead (internal/stream_base_commons.js:166:17)
[Error] : Error: EEXIST: file already exists, mkdir 'c:\Users\Harry\Desktop\E1'
	at mkdirSync (fs.js:764:3)
	at fs.mkdirSync (electron/js2c/asar.js:687:16)
	at Object.fs.mkdirSync (electron/js2c/asar.js:687:16)
	at s.CreateDir (c:\Users\Harry\.vscode\extensions\cl.eide-1.11.0\dist\extension.js:1:2659)
	at m.build (c:\Users\Harry\.vscode\extensions\cl.eide-1.11.0\dist\extension.js:1:211929)
	at t.ProjectExplorer.BuildSolution (c:\Users\Harry\.vscode\extensions\cl.eide-1.11.0\dist\extension.js:1:173892)
	at c:\Users\Harry\.vscode\extensions\cl.eide-1.11.0\dist\extension.js:1:136548
	at e._executeContributedCommand (c:\Program Files\Microsoft VS Code\resources\app\out\vs\workbench\services\extensions\node\extensionHostProcess.js:592:220)
	at e.$executeContributedCommand (c:\Program Files\Microsoft VS Code\resources\app\out\vs\workbench\services\extensions\node\extensionHostProcess.js:592:595)
	at e._doInvokeHandler (c:\Program Files\Microsoft VS Code\resources\app\out\vs\workbench\services\extensions\node\extensionHostProcess.js:752:683)
	at e._invokeHandler (c:\Program Files\Microsoft VS Code\resources\app\out\vs\workbench\services\extensions\node\extensionHostProcess.js:752:375)
	at e._receiveRequest (c:\Program Files\Microsoft VS Code\resources\app\out\vs\workbench\services\extensions\node\extensionHostProcess.js:751:14)
	at e._receiveOneMessage (c:\Program Files\Microsoft VS Code\resources\app\out\vs\workbench\services\extensions\node\extensionHostProcess.js:750:6)
	at c:\Program Files\Microsoft VS Code\resources\app\out\vs\workbench\services\extensions\node\extensionHostProcess.js:748:34
	at e.fire (c:\Program Files\Microsoft VS Code\resources\app\out\vs\workbench\services\extensions\node\extensionHostProcess.js:48:497)
	at v.fire (c:\Program Files\Microsoft VS Code\resources\app\out\vs\workbench\services\extensions\node\extensionHostProcess.js:206:615)
	at c:\Program Files\Microsoft VS Code\resources\app\out\vs\workbench\services\extensions\node\extensionHostProcess.js:919:744
	at e.fire (c:\Program Files\Microsoft VS Code\resources\app\out\vs\workbench\services\extensions\node\extensionHostProcess.js:48:497)
	at v.fire (c:\Program Files\Microsoft VS Code\resources\app\out\vs\workbench\services\extensions\node\extensionHostProcess.js:206:615)
	at t.PersistentProtocol._receiveMessage (c:\Program Files\Microsoft VS Code\resources\app\out\vs\workbench\services\extensions\node\extensionHostProcess.js:211:17)
	at c:\Program Files\Microsoft VS Code\resources\app\out\vs\workbench\services\extensions\node\extensionHostProcess.js:208:155
	at e.fire (c:\Program Files\Microsoft VS Code\resources\app\out\vs\workbench\services\extensions\node\extensionHostProcess.js:48:497)
	at p.acceptChunk (c:\Program Files\Microsoft VS Code\resources\app\out\vs\workbench\services\extensions\node\extensionHostProcess.js:204:129)
	at c:\Program Files\Microsoft VS Code\resources\app\out\vs\workbench\services\extensions\node\extensionHostProcess.js:203:483
	at Socket.t (c:\Program Files\Microsoft VS Code\resources\app\out\vs\workbench\services\extensions\node\extensionHostProcess.js:212:565)
	at Socket.emit (events.js:203:13)
	at addChunk (_stream_readable.js:295:12)
	at readableAddChunk (_stream_readable.js:276:11)
	at Socket.Readable.push (_stream_readable.js:210:10)
	at Pipe.onStreamRead (internal/stream_base_commons.js:166:17)
[Error] : Error: EEXIST: file already exists, mkdir 'c:\Users\Harry\Desktop\E1'
	at mkdirSync (fs.js:764:3)
	at fs.mkdirSync (electron/js2c/asar.js:687:16)
	at Object.fs.mkdirSync (electron/js2c/asar.js:687:16)
	at s.CreateDir (c:\Users\Harry\.vscode\extensions\cl.eide-1.11.0\dist\extension.js:1:2659)
	at m.build (c:\Users\Harry\.vscode\extensions\cl.eide-1.11.0\dist\extension.js:1:211929)
	at t.ProjectExplorer.BuildSolution (c:\Users\Harry\.vscode\extensions\cl.eide-1.11.0\dist\extension.js:1:173892)
	at c:\Users\Harry\.vscode\extensions\cl.eide-1.11.0\dist\extension.js:1:136548
	at e._executeContributedCommand (c:\Program Files\Microsoft VS Code\resources\app\out\vs\workbench\services\extensions\node\extensionHostProcess.js:592:220)
	at e.$executeContributedCommand (c:\Program Files\Microsoft VS Code\resources\app\out\vs\workbench\services\extensions\node\extensionHostProcess.js:592:595)
	at e._doInvokeHandler (c:\Program Files\Microsoft VS Code\resources\app\out\vs\workbench\services\extensions\node\extensionHostProcess.js:752:683)
	at e._invokeHandler (c:\Program Files\Microsoft VS Code\resources\app\out\vs\workbench\services\extensions\node\extensionHostProcess.js:752:375)
	at e._receiveRequest (c:\Program Files\Microsoft VS Code\resources\app\out\vs\workbench\services\extensions\node\extensionHostProcess.js:751:14)
	at e._receiveOneMessage (c:\Program Files\Microsoft VS Code\resources\app\out\vs\workbench\services\extensions\node\extensionHostProcess.js:750:6)
	at c:\Program Files\Microsoft VS Code\resources\app\out\vs\workbench\services\extensions\node\extensionHostProcess.js:748:34
	at e.fire (c:\Program Files\Microsoft VS Code\resources\app\out\vs\workbench\services\extensions\node\extensionHostProcess.js:48:497)
	at v.fire (c:\Program Files\Microsoft VS Code\resources\app\out\vs\workbench\services\extensions\node\extensionHostProcess.js:206:615)
	at c:\Program Files\Microsoft VS Code\resources\app\out\vs\workbench\services\extensions\node\extensionHostProcess.js:919:744
	at e.fire (c:\Program Files\Microsoft VS Code\resources\app\out\vs\workbench\services\extensions\node\extensionHostProcess.js:48:497)
	at v.fire (c:\Program Files\Microsoft VS Code\resources\app\out\vs\workbench\services\extensions\node\extensionHostProcess.js:206:615)
	at t.PersistentProtocol._receiveMessage (c:\Program Files\Microsoft VS Code\resources\app\out\vs\workbench\services\extensions\node\extensionHostProcess.js:211:17)
	at c:\Program Files\Microsoft VS Code\resources\app\out\vs\workbench\services\extensions\node\extensionHostProcess.js:208:155
	at e.fire (c:\Program Files\Microsoft VS Code\resources\app\out\vs\workbench\services\extensions\node\extensionHostProcess.js:48:497)
	at p.acceptChunk (c:\Program Files\Microsoft VS Code\resources\app\out\vs\workbench\services\extensions\node\extensionHostProcess.js:204:129)
	at c:\Program Files\Microsoft VS Code\resources\app\out\vs\workbench\services\extensions\node\extensionHostProcess.js:203:483
	at Socket.t (c:\Program Files\Microsoft VS Code\resources\app\out\vs\workbench\services\extensions\node\extensionHostProcess.js:212:565)
	at Socket.emit (events.js:203:13)
	at addChunk (_stream_readable.js:295:12)
	at readableAddChunk (_stream_readable.js:276:11)
	at Socket.Readable.push (_stream_readable.js:210:10)
	at Pipe.onStreamRead (internal/stream_base_commons.js:166:17)



[12345678-1234-5678-90AB-CDDEEFAABBCC] : log at : 2020/4/24|15:36:45|GMT+0800
[Error] : Error: EEXIST: file already exists, mkdir 'c:\Users\Harry\Desktop\E1'
	at mkdirSync (fs.js:764:3)
	at fs.mkdirSync (electron/js2c/asar.js:687:16)
	at Object.fs.mkdirSync (electron/js2c/asar.js:687:16)
	at s.CreateDir (c:\Users\Harry\.vscode\extensions\cl.eide-1.11.0\dist\extension.js:1:2659)
	at m.build (c:\Users\Harry\.vscode\extensions\cl.eide-1.11.0\dist\extension.js:1:211929)
	at t.ProjectExplorer.BuildSolution (c:\Users\Harry\.vscode\extensions\cl.eide-1.11.0\dist\extension.js:1:173892)
	at c:\Users\Harry\.vscode\extensions\cl.eide-1.11.0\dist\extension.js:1:136548
	at e._executeContributedCommand (c:\Program Files\Microsoft VS Code\resources\app\out\vs\workbench\services\extensions\node\extensionHostProcess.js:592:220)
	at e.$executeContributedCommand (c:\Program Files\Microsoft VS Code\resources\app\out\vs\workbench\services\extensions\node\extensionHostProcess.js:592:595)
	at e._doInvokeHandler (c:\Program Files\Microsoft VS Code\resources\app\out\vs\workbench\services\extensions\node\extensionHostProcess.js:752:683)
	at e._invokeHandler (c:\Program Files\Microsoft VS Code\resources\app\out\vs\workbench\services\extensions\node\extensionHostProcess.js:752:375)
	at e._receiveRequest (c:\Program Files\Microsoft VS Code\resources\app\out\vs\workbench\services\extensions\node\extensionHostProcess.js:751:14)
	at e._receiveOneMessage (c:\Program Files\Microsoft VS Code\resources\app\out\vs\workbench\services\extensions\node\extensionHostProcess.js:750:6)
	at c:\Program Files\Microsoft VS Code\resources\app\out\vs\workbench\services\extensions\node\extensionHostProcess.js:748:34
	at e.fire (c:\Program Files\Microsoft VS Code\resources\app\out\vs\workbench\services\extensions\node\extensionHostProcess.js:48:497)
	at v.fire (c:\Program Files\Microsoft VS Code\resources\app\out\vs\workbench\services\extensions\node\extensionHostProcess.js:206:615)
	at c:\Program Files\Microsoft VS Code\resources\app\out\vs\workbench\services\extensions\node\extensionHostProcess.js:919:744
	at e.fire (c:\Program Files\Microsoft VS Code\resources\app\out\vs\workbench\services\extensions\node\extensionHostProcess.js:48:497)
	at v.fire (c:\Program Files\Microsoft VS Code\resources\app\out\vs\workbench\services\extensions\node\extensionHostProcess.js:206:615)
	at t.PersistentProtocol._receiveMessage (c:\Program Files\Microsoft VS Code\resources\app\out\vs\workbench\services\extensions\node\extensionHostProcess.js:211:17)
	at c:\Program Files\Microsoft VS Code\resources\app\out\vs\workbench\services\extensions\node\extensionHostProcess.js:208:155
	at e.fire (c:\Program Files\Microsoft VS Code\resources\app\out\vs\workbench\services\extensions\node\extensionHostProcess.js:48:497)
	at p.acceptChunk (c:\Program Files\Microsoft VS Code\resources\app\out\vs\workbench\services\extensions\node\extensionHostProcess.js:204:129)
	at c:\Program Files\Microsoft VS Code\resources\app\out\vs\workbench\services\extensions\node\extensionHostProcess.js:203:483
	at Socket.t (c:\Program Files\Microsoft VS Code\resources\app\out\vs\workbench\services\extensions\node\extensionHostProcess.js:212:565)
	at Socket.emit (events.js:203:13)
	at addChunk (_stream_readable.js:295:12)
	at readableAddChunk (_stream_readable.js:276:11)
	at Socket.Readable.push (_stream_readable.js:210:10)
	at Pipe.onStreamRead (internal/stream_base_commons.js:166:17)



[12345678-1234-5678-90AB-CDDEEFAABBCC] : log at : 2020/4/24|15:43:40|GMT+0800



[12345678-1234-5678-90AB-CDDEEFAABBCC] : log at : 2020/4/24|15:45:41|GMT+0800



[12345678-1234-5678-90AB-CDDEEFAABBCC] : log at : 2020/4/24|16:03:40|GMT+0800



[12345678-1234-5678-90AB-CDDEEFAABBCC] : log at : 2020/4/24|16:05:43|GMT+0800



[12345678-1234-5678-90AB-CDDEEFAABBCC] : log at : 2020/4/24|16:10:02|GMT+0800


