
[12345678-1234-5678-90AB-CDDEEFAABBCC] : log at : 2020/4/19|18:53:53|GMT+0800



[12345678-1234-5678-90AB-CDDEEFAABBCC] : log at : 2020/4/19|19:37:42|GMT+0800
[Warning] : Error: parse workspace configuration error !
	at t.WorkspaceConfiguration.Parse (c:\Users\Harry\.vscode\extensions\cl.eide-1.10.1\dist\extension.js:1:83348)
	at t.WorkspaceConfiguration.Update (c:\Users\Harry\.vscode\extensions\cl.eide-1.10.1\dist\extension.js:1:60443)
	at t.WorkspaceConfiguration.Init (c:\Users\Harry\.vscode\extensions\cl.eide-1.10.1\dist\extension.js:1:59807)
	at new v (c:\Users\Harry\.vscode\extensions\cl.eide-1.10.1\dist\extension.js:1:59775)
	at new t.WorkspaceConfiguration (c:\Users\Harry\.vscode\extensions\cl.eide-1.10.1\dist\extension.js:1:83224)
	at E.LoadConfigurations (c:\Users\Harry\.vscode\extensions\cl.eide-1.10.1\dist\extension.js:1:169255)
	at E.Load (c:\Users\Harry\.vscode\extensions\cl.eide-1.10.1\dist\extension.js:1:166323)
	at D._OpenProject (c:\Users\Harry\.vscode\extensions\cl.eide-1.10.1\dist\extension.js:1:142514)
	at EventEmitter.<anonymous> (c:\Users\Harry\.vscode\extensions\cl.eide-1.10.1\dist\extension.js:1:135667)
	at EventEmitter.emit (events.js:203:13)
	at Function.emit (c:\Users\Harry\.vscode\extensions\cl.eide-1.10.1\dist\extension.js:1:4522)
	at EventEmitter.<anonymous> (c:\Users\Harry\.vscode\extensions\cl.eide-1.10.1\dist\extension.js:1:107096)
	at EventEmitter.emit (events.js:203:13)
	at Function.emit (c:\Users\Harry\.vscode\extensions\cl.eide-1.10.1\dist\extension.js:1:4522)
	at D.LoadWorkspaceProject (c:\Users\Harry\.vscode\extensions\cl.eide-1.10.1\dist\extension.js:1:135707)
	at new D (c:\Users\Harry\.vscode\extensions\cl.eide-1.10.1\dist\extension.js:1:135314)
	at new t.ProjectExplorer (c:\Users\Harry\.vscode\extensions\cl.eide-1.10.1\dist\extension.js:1:146797)
	at t.activate (c:\Users\Harry\.vscode\extensions\cl.eide-1.10.1\dist\extension.js:1:111349)
	at Function._callActivateOptional (c:\Program Files\Microsoft VS Code\resources\app\out\vs\workbench\services\extensions\node\extensionHostProcess.js:788:244)
	at Function._callActivate (c:\Program Files\Microsoft VS Code\resources\app\out\vs\workbench\services\extensions\node\extensionHostProcess.js:787:909)
	at c:\Program Files\Microsoft VS Code\resources\app\out\vs\workbench\services\extensions\node\extensionHostProcess.js:786:960
	at async Promise.all (index 8)
[Error] : Error: ENOENT: no such file or directory, lstat 'c:\Users\Harry\Desktop\大作业\code\src\main.c'
	at lstatSync (fs.js:847:3)
	at fs.lstatSync (electron/js2c/asar.js:235:27)
	at Object.fs.lstatSync (electron/js2c/asar.js:235:27)
	at s.IsDir (c:\Users\Harry\.vscode\extensions\cl.eide-1.10.1\dist\extension.js:1:3702)
	at c:\Users\Harry\.vscode\extensions\cl.eide-1.10.1\dist\extension.js:1:2883
	at Array.forEach (<anonymous>)
	at s.GetList (c:\Users\Harry\.vscode\extensions\cl.eide-1.10.1\dist\extension.js:1:2811)
	at E.UpdateFileGroup (c:\Users\Harry\.vscode\extensions\cl.eide-1.10.1\dist\extension.js:1:169706)
	at E.onSourceDirChanged (c:\Users\Harry\.vscode\extensions\cl.eide-1.10.1\dist\extension.js:1:173300)
	at EventEmitter.<anonymous> (c:\Users\Harry\.vscode\extensions\cl.eide-1.10.1\dist\extension.js:1:170388)
	at EventEmitter.emit (events.js:203:13)
	at E.emit (c:\Users\Harry\.vscode\extensions\cl.eide-1.10.1\dist\extension.js:1:164697)
	at t.FileWatcher.e.OnRename (c:\Users\Harry\.vscode\extensions\cl.eide-1.10.1\dist\extension.js:1:168777)
	at FSWatcher.<anonymous> (c:\Users\Harry\.vscode\extensions\cl.eide-1.10.1\dist\extension.js:1:56372)
	at FSWatcher.emit (events.js:203:13)
	at FSEvent.FSWatcher._handle.onchange (internal/fs/watchers.js:131:12)



[12345678-1234-5678-90AB-CDDEEFAABBCC] : log at : 2020/4/19|21:56:12|GMT+0800
[Error] : Error: ENOENT: no such file or directory, lstat 'c:\Users\Harry\Desktop\大作业\code\src\LCD.c~RF148206d.TMP'
	at lstatSync (fs.js:847:3)
	at fs.lstatSync (electron/js2c/asar.js:235:27)
	at Object.fs.lstatSync (electron/js2c/asar.js:235:27)
	at s.IsDir (c:\Users\Harry\.vscode\extensions\cl.eide-1.10.1\dist\extension.js:1:3702)
	at c:\Users\Harry\.vscode\extensions\cl.eide-1.10.1\dist\extension.js:1:2883
	at Array.forEach (<anonymous>)
	at s.GetList (c:\Users\Harry\.vscode\extensions\cl.eide-1.10.1\dist\extension.js:1:2811)
	at EnumIncDir (c:\Users\Harry\.vscode\extensions\cl.eide-1.10.1\dist\extension.js:1:170145)
	at E.UpdateFileGroup (c:\Users\Harry\.vscode\extensions\cl.eide-1.10.1\dist\extension.js:1:169642)
	at E.onSourceDirChanged (c:\Users\Harry\.vscode\extensions\cl.eide-1.10.1\dist\extension.js:1:173300)
	at EventEmitter.<anonymous> (c:\Users\Harry\.vscode\extensions\cl.eide-1.10.1\dist\extension.js:1:170388)
	at EventEmitter.emit (events.js:203:13)
	at E.emit (c:\Users\Harry\.vscode\extensions\cl.eide-1.10.1\dist\extension.js:1:164697)
	at t.FileWatcher.e.OnRename (c:\Users\Harry\.vscode\extensions\cl.eide-1.10.1\dist\extension.js:1:168777)
	at FSWatcher.<anonymous> (c:\Users\Harry\.vscode\extensions\cl.eide-1.10.1\dist\extension.js:1:56149)
	at FSWatcher.emit (events.js:203:13)
	at FSEvent.FSWatcher._handle.onchange (internal/fs/watchers.js:131:12)
[Error] : Error: ENOENT: no such file or directory, lstat 'c:\Users\Harry\Desktop\大作业\code\src\LCD.c'
	at lstatSync (fs.js:847:3)
	at fs.lstatSync (electron/js2c/asar.js:235:27)
	at Object.fs.lstatSync (electron/js2c/asar.js:235:27)
	at s.IsDir (c:\Users\Harry\.vscode\extensions\cl.eide-1.10.1\dist\extension.js:1:3702)
	at c:\Users\Harry\.vscode\extensions\cl.eide-1.10.1\dist\extension.js:1:2883
	at Array.forEach (<anonymous>)
	at s.GetList (c:\Users\Harry\.vscode\extensions\cl.eide-1.10.1\dist\extension.js:1:2811)
	at EnumIncDir (c:\Users\Harry\.vscode\extensions\cl.eide-1.10.1\dist\extension.js:1:170145)
	at E.UpdateFileGroup (c:\Users\Harry\.vscode\extensions\cl.eide-1.10.1\dist\extension.js:1:169642)
	at E.onSourceDirChanged (c:\Users\Harry\.vscode\extensions\cl.eide-1.10.1\dist\extension.js:1:173300)
	at EventEmitter.<anonymous> (c:\Users\Harry\.vscode\extensions\cl.eide-1.10.1\dist\extension.js:1:170388)
	at EventEmitter.emit (events.js:203:13)
	at E.emit (c:\Users\Harry\.vscode\extensions\cl.eide-1.10.1\dist\extension.js:1:164697)
	at t.FileWatcher.e.OnRename (c:\Users\Harry\.vscode\extensions\cl.eide-1.10.1\dist\extension.js:1:168777)
	at FSWatcher.<anonymous> (c:\Users\Harry\.vscode\extensions\cl.eide-1.10.1\dist\extension.js:1:56372)
	at FSWatcher.emit (events.js:203:13)
	at FSEvent.FSWatcher._handle.onchange (internal/fs/watchers.js:131:12)
[Error] : Error: ENOENT: no such file or directory, lstat 'c:\Users\Harry\Desktop\大作业\code\src\main.c'
	at lstatSync (fs.js:847:3)
	at fs.lstatSync (electron/js2c/asar.js:235:27)
	at Object.fs.lstatSync (electron/js2c/asar.js:235:27)
	at s.IsDir (c:\Users\Harry\.vscode\extensions\cl.eide-1.10.1\dist\extension.js:1:3702)
	at c:\Users\Harry\.vscode\extensions\cl.eide-1.10.1\dist\extension.js:1:2883
	at Array.forEach (<anonymous>)
	at s.GetList (c:\Users\Harry\.vscode\extensions\cl.eide-1.10.1\dist\extension.js:1:2811)
	at E.UpdateFileGroup (c:\Users\Harry\.vscode\extensions\cl.eide-1.10.1\dist\extension.js:1:169706)
	at E.onSourceDirChanged (c:\Users\Harry\.vscode\extensions\cl.eide-1.10.1\dist\extension.js:1:173300)
	at EventEmitter.<anonymous> (c:\Users\Harry\.vscode\extensions\cl.eide-1.10.1\dist\extension.js:1:170388)
	at EventEmitter.emit (events.js:203:13)
	at E.emit (c:\Users\Harry\.vscode\extensions\cl.eide-1.10.1\dist\extension.js:1:164697)
	at t.FileWatcher.e.OnRename (c:\Users\Harry\.vscode\extensions\cl.eide-1.10.1\dist\extension.js:1:168777)
	at FSWatcher.<anonymous> (c:\Users\Harry\.vscode\extensions\cl.eide-1.10.1\dist\extension.js:1:56372)
	at FSWatcher.emit (events.js:203:13)
	at FSEvent.FSWatcher._handle.onchange (internal/fs/watchers.js:131:12)
[Error] : Error: ENOENT: no such file or directory, lstat 'c:\Users\Harry\Desktop\大作业\code\src\LCD.c'
	at lstatSync (fs.js:847:3)
	at fs.lstatSync (electron/js2c/asar.js:235:27)
	at Object.fs.lstatSync (electron/js2c/asar.js:235:27)
	at s.IsDir (c:\Users\Harry\.vscode\extensions\cl.eide-1.10.1\dist\extension.js:1:3702)
	at c:\Users\Harry\.vscode\extensions\cl.eide-1.10.1\dist\extension.js:1:2883
	at Array.forEach (<anonymous>)
	at s.GetList (c:\Users\Harry\.vscode\extensions\cl.eide-1.10.1\dist\extension.js:1:2811)
	at E.UpdateFileGroup (c:\Users\Harry\.vscode\extensions\cl.eide-1.10.1\dist\extension.js:1:169706)
	at E.onSourceDirChanged (c:\Users\Harry\.vscode\extensions\cl.eide-1.10.1\dist\extension.js:1:173300)
	at EventEmitter.<anonymous> (c:\Users\Harry\.vscode\extensions\cl.eide-1.10.1\dist\extension.js:1:170388)
	at EventEmitter.emit (events.js:203:13)
	at E.emit (c:\Users\Harry\.vscode\extensions\cl.eide-1.10.1\dist\extension.js:1:164697)
	at t.FileWatcher.e.OnRename (c:\Users\Harry\.vscode\extensions\cl.eide-1.10.1\dist\extension.js:1:168777)
	at FSWatcher.<anonymous> (c:\Users\Harry\.vscode\extensions\cl.eide-1.10.1\dist\extension.js:1:56372)
	at FSWatcher.emit (events.js:203:13)
	at FSEvent.FSWatcher._handle.onchange (internal/fs/watchers.js:131:12)



[12345678-1234-5678-90AB-CDDEEFAABBCC] : log at : 2020/4/20|07:59:08|GMT+0800



[12345678-1234-5678-90AB-CDDEEFAABBCC] : log at : 2020/4/20|08:17:03|GMT+0800



[12345678-1234-5678-90AB-CDDEEFAABBCC] : log at : 2020/4/20|08:27:34|GMT+0800



[12345678-1234-5678-90AB-CDDEEFAABBCC] : log at : 2020/4/20|08:39:24|GMT+0800



[12345678-1234-5678-90AB-CDDEEFAABBCC] : log at : 2020/4/20|08:42:33|GMT+0800



[12345678-1234-5678-90AB-CDDEEFAABBCC] : log at : 2020/4/20|09:21:39|GMT+0800



[12345678-1234-5678-90AB-CDDEEFAABBCC] : log at : 2020/4/20|10:31:54|GMT+0800


