C51 COMPILER V9.52.0.0   INTERRUPT                                                         04/24/2020 20:39:37 PAGE 1   


C51 COMPILER V9.52.0.0, COMPILATION OF MODULE INTERRUPT
OBJECT MODULE PLACED IN .\keilOut\interrupt.obj
COMPILER INVOKED BY: C:\Program Files\Keil\C51\BIN\C51.EXE src\interrupt.c OMF2 ROM(SMALL) OPTIMIZE(0,SIZE) BROWSE INCDI
                    -R(.\dependence;.\src) DEBUG PRINT(.\Listings\interrupt.lst) OBJECT(.\keilOut\interrupt.obj)

line level    source

   1          #include "REG51.H"
   2          
   3          
   4          void TIM_0_init(void)
   5          {
   6   1          // 50ms 中断一次
   7   1          TMOD = TMOD | 0x01;     // 定时器0选择方式1工作
   8   1          TH0 = 0x3C;
   9   1          TL0 = 0xB0;             // 装入初值，50ms中断一次
  10   1          ET0 = 1;                // 打开 T0 中断
  11   1          EA = 1;                 // 打开总中断
  12   1          PT0 = 1;                // 设置高优先级
  13   1          TR0 = 0;                // T0 仅初始化，不启动
  14   1      }
  15          
  16          void TIM_0_continue(void)
  17          {
  18   1          TH0 = 0x3C;
  19   1          TL0 = 0xB0;             // 重新装入初值，50ms中断一次
  20   1          TR0 = 1;                // T0 启动
  21   1      }
  22          
  23          void TIM_0_pause(void)
  24          {
  25   1          TR0 = 0;                // T0 关闭
  26   1      }
  27          
  28          void TIM_1_init(void)
  29          {
  30   1          // 计数器，累计两个脉冲产生中断
  31   1          TMOD = TMOD | 0x60;     // 计数器1选择方式2工作
  32   1          TH1 = 0xFE;
  33   1          TL1 = 0xFE;
  34   1          ET1 = 1;                // 打开 T1 中断
  35   1          EA = 1;                 // 打开总中断
  36   1          PT1 = 0;                // 设置低优先级
  37   1          TR1 = 1;                // T1 启动
  38   1      }
  39          
  40          
  41          void TIM_1_rrestart(void)
  42          {
  43   1          TL1 = 0xFE;             // T1 重装
  44   1      }


MODULE INFORMATION:   STATIC OVERLAYABLE
   CODE SIZE        =     52    ----
   CONSTANT SIZE    =   ----    ----
   XDATA SIZE       =   ----    ----
   PDATA SIZE       =   ----    ----
   DATA SIZE        =   ----    ----
   IDATA SIZE       =   ----    ----
   BIT SIZE         =   ----    ----
C51 COMPILER V9.52.0.0   INTERRUPT                                                         04/24/2020 20:39:37 PAGE 2   

   EDATA SIZE       =   ----    ----
   HDATA SIZE       =   ----    ----
   XDATA CONST SIZE =   ----    ----
   FAR CONST SIZE   =   ----    ----
END OF MODULE INFORMATION.


C51 COMPILATION COMPLETE.  0 WARNING(S),  0 ERROR(S)
