C51 COMPILER V9.52.0.0   MAIN                                                              04/24/2020 20:46:15 PAGE 1   


C51 COMPILER V9.52.0.0, COMPILATION OF MODULE MAIN
OBJECT MODULE PLACED IN .\keilOut\main.obj
COMPILER INVOKED BY: C:\Program Files\Keil\C51\BIN\C51.EXE src\main.c OMF2 ROM(SMALL) OPTIMIZE(0,SIZE) BROWSE INCDIR(.\d
                    -ependence;.\src) DEBUG PRINT(.\Listings\main.lst) OBJECT(.\keilOut\main.obj)

line level    source

   1          #include "REG51.H"
   2          #include "interrupt_func.h"
   3          
   4          void init()     // 初始化定时器和计数器
   5          {
   6   1          TIM_0_init();
   7   1          TIM_1_init();
   8   1      }
   9          
  10          
  11          void main()
  12          {
  13   1          init();
  14   1          P1 = 0xFF;  // 上电LED全部熄灭
  15   1          while(1);
  16   1      }
  17          


MODULE INFORMATION:   STATIC OVERLAYABLE
   CODE SIZE        =     13    ----
   CONSTANT SIZE    =   ----    ----
   XDATA SIZE       =   ----    ----
   PDATA SIZE       =   ----    ----
   DATA SIZE        =   ----    ----
   IDATA SIZE       =   ----    ----
   BIT SIZE         =   ----    ----
   EDATA SIZE       =   ----    ----
   HDATA SIZE       =   ----    ----
   XDATA CONST SIZE =   ----    ----
   FAR CONST SIZE   =   ----    ----
END OF MODULE INFORMATION.


C51 COMPILATION COMPLETE.  0 WARNING(S),  0 ERROR(S)
