C51 COMPILER V9.52.0.0   INTERRUPT                                                         04/28/2020 23:29:42 PAGE 1   


C51 COMPILER V9.52.0.0, COMPILATION OF MODULE INTERRUPT
OBJECT MODULE PLACED IN .\keilOut\interrupt.obj
COMPILER INVOKED BY: C:\Program Files\Keil\C51\BIN\C51.EXE src\interrupt.c OMF2 ROM(SMALL) OPTIMIZE(8,SIZE) BROWSE INCDI
                    -R(.\dependence;.\src) DEBUG PRINT(.\Listings\interrupt.lst) OBJECT(.\keilOut\interrupt.obj)

line level    source

   1          #include "REG52.H"
   2          void EX0_init()
   3          {
   4   1          IT0 = 1;    // 下降沿触发
   5   1          PX0 = 1;    // 高优先级
   6   1          EX0 = 1;    // 单个中断允许
   7   1          EA = 1;     // 总中断运行
   8   1      }
   9          
  10          void EX1_init()
  11          {
  12   1          IT1 = 1;
  13   1          PX1 = 0;
  14   1          EX1 = 1;
  15   1          EA = 1;
  16   1      }
  17          
  18          void TIM_0_init(void)
  19          {
  20   1          // 初始化 TMOD 寄存器
  21   1          // 50ms 中断一次
  22   1          TMOD = TMOD | 0x01;
  23   1          TH0 = (65536 - 50000) / 256;
  24   1          TL0 = (65536 - 50000) % 256;
  25   1          ET0 = 1;
  26   1          EA = 1;
  27   1          TR0 = 1;
  28   1      }
  29          
  30          void TIM_1_init(void)
  31          {
  32   1          // 初始化 TMOD 寄存器
  33   1          // 产生随机数
  34   1          TMOD = TMOD | 0x20;
  35   1          TH1 = 239;
  36   1          TL1 = 239;
  37   1          ET1 = 0;    //分钟短不允许
  38   1          TR1 = 1;    //开始计数
  39   1      }


MODULE INFORMATION:   STATIC OVERLAYABLE
   CODE SIZE        =     48    ----
   CONSTANT SIZE    =   ----    ----
   XDATA SIZE       =   ----    ----
   PDATA SIZE       =   ----    ----
   DATA SIZE        =   ----    ----
   IDATA SIZE       =   ----    ----
   BIT SIZE         =   ----    ----
   EDATA SIZE       =   ----    ----
   HDATA SIZE       =   ----    ----
   XDATA CONST SIZE =   ----    ----
   FAR CONST SIZE   =   ----    ----
END OF MODULE INFORMATION.

C51 COMPILER V9.52.0.0   INTERRUPT                                                         04/28/2020 23:29:42 PAGE 2   


C51 COMPILATION COMPLETE.  0 WARNING(S),  0 ERROR(S)
