C51 COMPILER V9.52.0.0   MAIN                                                              04/30/2020 21:19:44 PAGE 1   


C51 COMPILER V9.52.0.0, COMPILATION OF MODULE MAIN
OBJECT MODULE PLACED IN .\keilOut\main.obj
COMPILER INVOKED BY: C:\Program Files\Keil\C51\BIN\C51.EXE src\main.c OMF2 ROM(SMALL) OPTIMIZE(8,SIZE) BROWSE INCDIR(.\d
                    -ependence;.\src) DEBUG PRINT(.\Listings\main.lst) OBJECT(.\keilOut\main.obj)

line level    source

   1          #include "reg52.h"
   2          #include "LCD_func.h"
   3          #include "keyboard_func.h"
   4          #include "interrupt_func.h"
   5          #include "random_func.h"
   6          
   7          #define uchar unsigned char
   8          extern void delay500ms(void);
   9          
  10          // 初始化硬件配置
  11          void init()
  12          {
  13   1          LCD_init();         // LCD 初始化
  14   1          EX0_init();         // 外中断0
  15   1          EX1_init();
  16   1          TIM_0_init();
  17   1          TIM_1_init();       // 为了产生随机数
  18   1          init_random(TL1);
  19   1      }
  20          
  21          uchar random_num = 0;   // 随机数
  22          
  23          void main()
  24          {
  25   1          init();
  26   1          // 启动界面
  27   1          LCD_display(0x80,"Welcome");
  28   1          delay500ms();
  29   1          LCD_display(0x80,"Score:   ");
  30   1          while(1)
  31   1          {
  32   2              // 利用定时器生成随机数，主任务由中断引发
  33   2              random_num = random();
  34   2          }
  35   1      }


MODULE INFORMATION:   STATIC OVERLAYABLE
   CODE SIZE        =     44    ----
   CONSTANT SIZE    =     18    ----
   XDATA SIZE       =   ----    ----
   PDATA SIZE       =   ----    ----
   DATA SIZE        =      1    ----
   IDATA SIZE       =   ----    ----
   BIT SIZE         =   ----    ----
   EDATA SIZE       =   ----    ----
   HDATA SIZE       =   ----    ----
   XDATA CONST SIZE =   ----    ----
   FAR CONST SIZE   =   ----    ----
END OF MODULE INFORMATION.


C51 COMPILATION COMPLETE.  0 WARNING(S),  0 ERROR(S)
