C51 COMPILER V9.52.0.0   RUN                                                               04/22/2020 20:45:26 PAGE 1   


C51 COMPILER V9.52.0.0, COMPILATION OF MODULE RUN
OBJECT MODULE PLACED IN .\keilOut\run.obj
COMPILER INVOKED BY: C:\Program Files\Keil\C51\BIN\C51.EXE src\run.c OMF2 ROM(SMALL) OPTIMIZE(9,SIZE) BROWSE INCDIR(.\de
                    -pendence;.\src) DEBUG PRINT(.\Listings\run.lst) OBJECT(.\keilOut\run.obj)

line level    source

   1          #include "reg52.h"
   2          #include "LCD_func.h"
   3          #include "keyboard_func.h"
   4          #include "interrupt_func.h"
   5          #define uchar unsigned char
   6          extern void uptate(void);
   7          
   8          /***********************
   9                 暂停与继续
  10          ***********************/
  11          bit is_pause = 0;
  12          
  13          // INT1 中断，手动设置低优先级
  14          void pause() interrupt 2
  15          {
  16   1          is_pause = 1;
  17   1          clear_LCD(0);
  18   1          display_LCD(0x80,"   PAUSE");
  19   1          while(is_pause);
  20   1      }
  21          
  22          // INT0 中断，手动设置高优先级
  23          void continuee() interrupt 0
  24          {
  25   1          clear_LCD(0);
  26   1          display_LCD(0x80,"Score:     ");
  27   1          is_pause = 0;   // 退出pause中断
  28   1      }
  29          
  30          
  31          /***********************
  32                 正常运行
  33          ***********************/
  34          uchar count = 0;
  35          
  36          // 正常情况每秒钟更新
  37          void TIM_0_isr() interrupt 1
  38          {
  39   1          TH0 = (65536 - 50000) / 256;
  40   1          TL0 = (65536 - 50000) % 256;
  41   1          count++;
  42   1          if (count==10)
  43   1          {
  44   2              count = 0;
  45   2              update();
*** WARNING C206 IN LINE 45 OF src\run.c: 'update': missing function-prototype
  46   2          }
  47   1      }


MODULE INFORMATION:   STATIC OVERLAYABLE
   CODE SIZE        =    227    ----
   CONSTANT SIZE    =     21    ----
   XDATA SIZE       =   ----    ----
C51 COMPILER V9.52.0.0   RUN                                                               04/22/2020 20:45:26 PAGE 2   

   PDATA SIZE       =   ----    ----
   DATA SIZE        =      1    ----
   IDATA SIZE       =   ----    ----
   BIT SIZE         =      1    ----
   EDATA SIZE       =   ----    ----
   HDATA SIZE       =   ----    ----
   XDATA CONST SIZE =   ----    ----
   FAR CONST SIZE   =   ----    ----
END OF MODULE INFORMATION.


C51 COMPILATION COMPLETE.  1 WARNING(S),  0 ERROR(S)
