C51 COMPILER V9.52.0.0   UPDATE                                                            04/23/2020 16:26:46 PAGE 1   


C51 COMPILER V9.52.0.0, COMPILATION OF MODULE UPDATE
OBJECT MODULE PLACED IN .\keilOut\update.obj
COMPILER INVOKED BY: C:\Program Files\Keil\C51\BIN\C51.EXE src\update.c OMF2 ROM(SMALL) OPTIMIZE(8,SIZE) BROWSE INCDIR(.
                    -\dependence;.\src) DEBUG PRINT(.\Listings\update.lst) OBJECT(.\keilOut\update.obj)

line level    source

   1          #include "reg52.h"
   2          #include "LCD_func.h"
   3          #include "keyboard_func.h"
   4          #include "interrupt_func.h"
   5          #define uchar unsigned char
   6          
   7          extern uchar random_num;
   8          
   9          
  10          uchar score = 0;    // 记录得分
  11          
  12          uchar decode = 0;   // 随机数所对应的键盘及点阵的编码
  13                              // 键盘与LED编码：
  14                              //   eg). 0b 10111000  表示第三行第四列
  15          
  16          uchar code_dic[]   /* 编码字典*/
  17              = {0xe1,0xb4,0xe2,0xb2,0xd1,0xd4,0xd8,0xe8,0x72,0xb1,0xb8,0x71,0xd2,0x74,0xe4,0x78};
  18          
  19          void update()
  20          {
  21   1          uchar i = 0, j = 0;
  22   1          static uchar error = 0;
  23   1          if(random_num<0 || random_num>15)
  24   1              random_num = 0;
  25   1          decode = code_dic[random_num];
  26   1          P0 = decode;
  27   1          for (i=0;i<255;i++)
  28   1          {
  29   2              for (j=0;j<150;j++)
  30   2              {
  31   3                  if(decode == key_scan())
  32   3                  {
  33   4                      score++;
  34   4                      error = 0;
  35   4                      P0 = 0x00;
  36   4                      goto LABAL;
  37   4                  }
  38   3              }
  39   2          }
  40   1      
  41   1          error++;
  42   1          if (error>3)
  43   1          {
  44   2              clear_LCD(0);
  45   2              display_LCD(0x80,"FAIL!");
  46   2              while(1);
  47   2          }
  48   1      
  49   1          LABAL:display_LCD(0xC2,uchar2string(score));
  50   1      }


MODULE INFORMATION:   STATIC OVERLAYABLE
   CODE SIZE        =    104    ----
C51 COMPILER V9.52.0.0   UPDATE                                                            04/23/2020 16:26:46 PAGE 2   

   CONSTANT SIZE    =      6    ----
   XDATA SIZE       =   ----    ----
   PDATA SIZE       =   ----    ----
   DATA SIZE        =     19       2
   IDATA SIZE       =   ----    ----
   BIT SIZE         =   ----    ----
   EDATA SIZE       =   ----    ----
   HDATA SIZE       =   ----    ----
   XDATA CONST SIZE =   ----    ----
   FAR CONST SIZE   =   ----    ----
END OF MODULE INFORMATION.


C51 COMPILATION COMPLETE.  0 WARNING(S),  0 ERROR(S)
