C51 COMPILER V9.52.0.0   KEYBOARD                                                          04/21/2020 11:06:52 PAGE 1   


C51 COMPILER V9.52.0.0, COMPILATION OF MODULE KEYBOARD
OBJECT MODULE PLACED IN .\keilOut\keyboard.obj
COMPILER INVOKED BY: C:\Program Files\Keil\C51\BIN\C51.EXE src\keyboard.c OMF2 ROM(SMALL) OPTIMIZE(8,SPEED) BROWSE INCDI
                    -R(.\dependence;.\src) DEBUG PRINT(.\Listings\keyboard.lst) OBJECT(.\keilOut\keyboard.obj)

line level    source

   1          #include "REG51.H"
   2          #include "keyboard.h"
   3          
   4          unsigned char key_scan()
   5          {
   6   1          unsigned char num = 0xff;
   7   1          unsigned char tmp_1 = 0, tmp_2 = 0, flag = 0;
   8   1          KEY_PORT = 0xf0;
   9   1          // 检测按键是否被按下
  10   1          if (KEY_PORT!=0xf0)
  11   1          {
  12   2              tmp_1 = KEY_PORT;
  13   2              flag = 1;
  14   2              KEY_PORT = 0x0f;
  15   2          }
  16   1          if ((KEY_PORT!=0x0f) && (flag == 1))
  17   1          {
  18   2              tmp_2 = KEY_PORT;
  19   2              num = tmp_1 + tmp_2;
  20   2          }
  21   1          return num;
  22   1      }


MODULE INFORMATION:   STATIC OVERLAYABLE
   CODE SIZE        =     35    ----
   CONSTANT SIZE    =   ----    ----
   XDATA SIZE       =   ----    ----
   PDATA SIZE       =   ----    ----
   DATA SIZE        =   ----    ----
   IDATA SIZE       =   ----    ----
   BIT SIZE         =   ----    ----
   EDATA SIZE       =   ----    ----
   HDATA SIZE       =   ----    ----
   XDATA CONST SIZE =   ----    ----
   FAR CONST SIZE   =   ----    ----
END OF MODULE INFORMATION.


C51 COMPILATION COMPLETE.  0 WARNING(S),  0 ERROR(S)
