C51 COMPILER V9.52.0.0   MAIN                                                              04/21/2020 11:06:52 PAGE 1   


C51 COMPILER V9.52.0.0, COMPILATION OF MODULE MAIN
OBJECT MODULE PLACED IN .\keilOut\main.obj
COMPILER INVOKED BY: C:\Program Files\Keil\C51\BIN\C51.EXE src\main.c OMF2 ROM(SMALL) OPTIMIZE(8,SPEED) BROWSE INCDIR(.\
                    -dependence;.\src) DEBUG PRINT(.\Listings\main.lst) OBJECT(.\keilOut\main.obj)

line level    source

   1          #include "reg51.h"
   2          #include "keyboard_func.h"
   3          
   4          void main()
   5          {
   6   1          unsigned char num = 0xff;
   7   1          while (1)
   8   1          {
   9   2              num = key_scan();
  10   2          }
  11   1          
  12   1      }


MODULE INFORMATION:   STATIC OVERLAYABLE
   CODE SIZE        =      6    ----
   CONSTANT SIZE    =   ----    ----
   XDATA SIZE       =   ----    ----
   PDATA SIZE       =   ----    ----
   DATA SIZE        =   ----    ----
   IDATA SIZE       =   ----    ----
   BIT SIZE         =   ----    ----
   EDATA SIZE       =   ----    ----
   HDATA SIZE       =   ----    ----
   XDATA CONST SIZE =   ----    ----
   FAR CONST SIZE   =   ----    ----
END OF MODULE INFORMATION.


C51 COMPILATION COMPLETE.  0 WARNING(S),  0 ERROR(S)
