C51 COMPILER V9.52.0.0   MAIN                                                              04/21/2020 09:20:53 PAGE 1   


C51 COMPILER V9.52.0.0, COMPILATION OF MODULE MAIN
OBJECT MODULE PLACED IN c:\Users\Harry\Desktop\keyboard\code\out\main.o
COMPILER INVOKED BY: C:\Program Files\Keil\C51\BIN\C51.exe C:\USERS\HARRY\DESKTOP\KEYBOARD\CODE\SRC\MAIN.C PRINT(c:\User
                    -s\Harry\Desktop\keyboard\code\out\main.lst) OMF2 TABS(2) OPTIMIZE(8,SPEED) LARGE ROM(LARGE) INCDIR(c:\Users\Harry\Deskto
                    -p\keyboard\code\dependence;c:\Users\Harry\Desktop\keyboard\code\src;c:\Users\Harry\Desktop\keyboard\code\dependence\buil
                    -d-in\STD) DEFINE(__UVISION_VERSION) OBJECT(c:\Users\Harry\Desktop\keyboard\code\out\main.o)

line level    source

   1          #include "REG51.H"
   2          unsigned char s[]={0x3f,0x06,0x5b,0x4f,0x66,0x6d,0x7d,0x07,0x7f,0x6f};
   3          unsigned char num = 1;
   4          
   5          void delay(void)
   6          {
   7   1          unsigned char a,b,c;
   8   1          for(c=205;c>0;c--)
   9   1              for(b=116;b>0;b--)
  10   1                  for(a=9;a>0;a--);
  11   1      }
  12          
  13          void key_scan()
  14          {
  15   1          unsigned char tmp_0 = 0, tmp_1 = 0, tmp=0;
  16   1          P1 = 0xf0;
  17   1          // 检测按键是否被按下
  18   1          if (P1!=0xf0)
  19   1          {
  20   2              delay();
  21   2              tmp_0 = P1;
  22   2              P1 = 0x0f;
  23   2              if (P1!=0x0f)
  24   2                  tmp_1 = P1;
  25   2          }
  26   1          tmp = tmp_0 + tmp_1;
  27   1          if (tmp == 0xee)
  28   1          {
  29   2              num = 0;
  30   2          }
  31   1      }
  32                  
  33          
  34          void display()
  35          {
  36   1          P2 = s[1];
  37   1      }
  38          
  39          void main()
  40          {
  41   1          while (1)
  42   1          {
  43   2              // key_scan();
  44   2              P2 = s[1];
  45   2          }
  46   1          
  47   1      }


MODULE INFORMATION:   STATIC OVERLAYABLE
   CODE SIZE        =     68    ----
   CONSTANT SIZE    =   ----    ----
C51 COMPILER V9.52.0.0   MAIN                                                              04/21/2020 09:20:53 PAGE 2   

   XDATA SIZE       =     11    ----
   PDATA SIZE       =   ----    ----
   DATA SIZE        =   ----    ----
   IDATA SIZE       =   ----    ----
   BIT SIZE         =   ----    ----
   EDATA SIZE       =   ----    ----
   HDATA SIZE       =   ----    ----
   XDATA CONST SIZE =   ----    ----
   FAR CONST SIZE   =   ----    ----
END OF MODULE INFORMATION.


C51 COMPILATION COMPLETE.  0 WARNING(S),  0 ERROR(S)
